#
# A fatal error has been detected by the Java Runtime Environment:
#
#  EXCEPTION_ACCESS_VIOLATION (0xc0000005) at pc=0x000001ee8756ae53, pid=17888, tid=27668
#
# JRE version: OpenJDK Runtime Environment Temurin-21.0.6+7 (21.0.6+7) (build 21.0.6+7-LTS)
# Java VM: OpenJDK 64-Bit Server VM Temurin-21.0.6+7 (21.0.6+7-LTS, mixed mode, sharing, tiered, compressed oops, compressed class ptrs, g1 gc, windows-amd64)
# Problematic frame:
# v  ~BufferBlob::MethodHandles adapters 0x000001ee8756ae53
#
# No core dump will be written. Minidumps are not enabled by default on client versions of Windows
#
# If you would like to submit a bug report, please visit:
#   https://github.com/adoptium/adoptium-support/issues
#

---------------  S U M M A R Y ------------

Command Line: -XX:+ShowCodeDetailsInExceptionMessages -agentlib:jdwp=transport=dt_socket,suspend=y,address=localhost:50656 -javaagent:C:\Users\azmaurya\Downloads\sts-4.30.0.RELEASE\configuration\org.eclipse.osgi\270\0\.cp\lib\javaagent-shaded.jar -Dfile.encoding=UTF-8 -Dstdout.encoding=UTF-8 -Dstderr.encoding=UTF-8 com.ambulence.AmbulenceServiceApplication

Host: AMD Ryzen 5 PRO 8540U w/ Radeon 740M Graphics  , 12 cores, 15G,  Windows 11 , 64 bit Build 26100 (10.0.26100.4484)
Time: Thu Aug  7 16:30:09 2025 India Standard Time elapsed time: 557.649250 seconds (0d 0h 9m 17s)

---------------  T H R E A D  ---------------

Current thread (0x000001eedcddb930):  JavaThread "restartedMain"        [_thread_in_Java, id=27668, stack(0x0000009839700000,0x0000009839800000) (1024K)]

Stack: [0x0000009839700000,0x0000009839800000],  sp=0x00000098397f85f8,  free space=993k
Native frames: (J=compiled Java code, j=interpreted, Vv=VM code, C=native code)
C  0x000001ee8756ae53

The last pc belongs to _linkToSpecial (printed below).

siginfo: EXCEPTION_ACCESS_VIOLATION (0xc0000005), reading address 0xffffffffffffffff


Registers:
RAX=0x000001ee875391b4, RBX=0xe22ae29400000000, RCX=0x00000098397f8600, RDX=0x0000000000000002
RSP=0x00000098397f85f8, RBP=0x00000098397f8648, RSI=0x000001eee1f4b488, RDI=0x000001eedebe99a0
R8 =0x0000000000000004, R9 =0x0000000000000004, R10=0x000001ee94ba1a38, R11=0x000001ee930b5bd0
R12=0x0000000000000000, R13=0x00000098397f85f8, R14=0x00000098397f8668, R15=0x000001eedcddb930
RIP=0x000001ee8756ae53, EFLAGS=0x0000000000010246

XMM[0]=0x0000000000000000 0x0000000000000000
XMM[1]=0x0000000000000000 0x0000000000000000
XMM[2]=0x0000000000000000 0x0000000000000000
XMM[3]=0x0000000000000000 0x0000000000000000
XMM[4]=0x0000000000000000 0x0000000000000000
XMM[5]=0x0000000000000000 0x0000000000000000
XMM[6]=0xdf26f0e3cd763052 0x459176a550a84614
XMM[7]=0xd3bdaae994c3c8ce 0x11478fb53b68cd3d
XMM[8]=0x061c30efc5f2280c 0xc36c9e3379e981eb
XMM[9]=0x44e49dc344e49dc3 0x44e49dc3373463f8
XMM[10]=0x0000000000000000 0x00000000f24fc635
XMM[11]=0x099752f3099752f3 0x099752f340cbb6eb
XMM[12]=0x0000000000000000 0x00000000373463f8
XMM[13]=0x0000000000000000 0x0000000000000000
XMM[14]=0x0000000000000000 0x0000000000000000
XMM[15]=0x0000000000000000 0x0000000000000000
  MXCSR=0x00001fa0


Register to memory mapping:

RAX=0x000001ee875391b4 is at code_begin+3380 in an Interpreter codelet
return entry points  [0x000001ee87538480, 0x000001ee8753a590]  8464 bytes
RBX=0xe22ae29400000000 is an unknown value
RCX=0x00000098397f8600 is pointing into the stack for thread: 0x000001eedcddb930
RDX=0x0000000000000002 is an unknown value
RSP=0x00000098397f85f8 is pointing into the stack for thread: 0x000001eedcddb930
RBP=0x00000098397f8648 is pointing into the stack for thread: 0x000001eedcddb930
RSI=0x000001eee1f4b488 points into unknown readable memory: 0x88000700123e8d87 | 87 8d 3e 12 00 07 00 88
RDI=0x000001eedebe99a0 points into unknown readable memory: 0x0000001800000070 | 70 00 00 00 18 00 00 00
R8 =0x0000000000000004 is an unknown value
R9 =0x0000000000000004 is an unknown value
R10=0x000001ee94ba1a38 is a pointer to class: 
com.ambulence.security.CustomUserDetailsService {0x000001ee94ba1a40}
 - instance size:     2
 - klass size:        68
 - access:            public synchronized 
 - flags:             rewritten has_nonstatic_fields should_verify_class has_localvariable_table has_resolved_methods 
 - state:             fully_initialized
 - name:              'com/ambulence/security/CustomUserDetailsService'
 - super:             'java/lang/Object'
 - sub:               
 - arrays:            null
 - methods:           Array<T>(0x000001eee78d0f20)
 - method ordering:   Array<T>(0x000001eee78d20f8)
 - local interfaces:  Array<T>(0x000001eee78d0ef0)
 - trans. interfaces: Array<T>(0x000001eee78d0ef0)
 - constants:         constant pool [41] {0x000001eee78d0d30} for 'com/ambulence/security/CustomUserDetailsService' cache=0x000001eee796e9a8
 - class loader data:  loader data: 0x000001eee3afc320 for instance a 'org/springframework/boot/devtools/restart/classloader/RestartClassLoader'{0x000000070ec1a800}
 - source file:       'CustomUserDetailsService.java'
 - source debug extension:       SMAP
CustomUserDetailsService.java
Java
*S jdt
*F
1 CustomUserDetailsService.java
2 file:/C:/Users/azmaurya/Downloads/Microservices%20project/ambulence-service/target/classes/
*L
*E

 - class annotations:       Array<T>(0x000001eee78d0fe8)
 - field annotations:       Array<T>(0x000001eee78d0f10)
 - inner classes:     Array<T>(0x000001ee936114d0)
 - nest members:     Array<T>(0x000001ee936114d0)
 - permitted subclasses:     Array<T>(0x000001ee936114d0)
 - java mirror:       a 'java/lang/Class'{0x000000070ec352e0} = 'com/ambulence/security/CustomUserDetailsService'
 - vtable length      6  (start addr: 0x000001ee94ba1bf8)
 - itable length      5 (start addr: 0x000001ee94ba1c28)
 - ---- static fields (0 words):
 - ---- non-static fields (1 words):
 - private 'userRepository' 'LUserRepository;' @12 
 - non-static oop maps: 12-12 
R11={method} {0x000001ee930b5bd8} 'newInvokeSpecial' '(Ljava/lang/Object;)Ljava/lang/Object;' in 'java/lang/invoke/DirectMethodHandle$Holder'
R12=0x0 is null
R13=0x00000098397f85f8 is pointing into the stack for thread: 0x000001eedcddb930
R14=0x00000098397f8668 is pointing into the stack for thread: 0x000001eedcddb930
R15=0x000001eedcddb930 is a thread

Top of Stack: (sp=0x00000098397f85f8)
0x00000098397f85f8:   000001ee875391b4 00000098397f8600
0x00000098397f8608:   000001ee9372b567 0000000000000004
0x00000098397f8618:   000001ee930b1088 000001eed49a9c28
0x00000098397f8628:   000000070bd47c30 000001ee930b5bd0
0x00000098397f8638:   00000098397f85f8 00000098397f8670
0x00000098397f8648:   0000000711571408 000001ee87ed9654
0x00000098397f8658:   00000007115713a8 0000000711571450
0x00000098397f8668:   0000000711571408 0000000711571200
0x00000098397f8678:   00000007115711a8 000000070cae8a58
0x00000098397f8688:   0000000100000000 0000000711571200
0x00000098397f8698:   0000000711571438 0000000711571408
0x00000098397f86a8:   0000000711571198 000000070edbee60
0x00000098397f86b8:   00000007115711a8 0000000711571408
0x00000098397f86c8:   0000000700000001 000001ee87ed8954
0x00000098397f86d8:   0000000711571070 0000000711831b98
0x00000098397f86e8:   000001ee807bb69f 0000000711831b98
0x00000098397f86f8:   000001ee807ae184 000000070edda828
0x00000098397f8708:   000001ee00000200 0000000711831b98
0x00000098397f8718:   000001ee8083f944 000000070c654d80
0x00000098397f8728:   000000070ec352e0 000000070ed2eea0
0x00000098397f8738:   000000070edd9ce8 00000098397f8760
0x00000098397f8748:   00000007115711a8 00000007115711f0
0x00000098397f8758:   0000000711571200 0000000000000000
0x00000098397f8768:   000001ee87da2ef0 000000070ec352e0
0x00000098397f8778:   000000070d589d20 0000000000000000
0x00000098397f8788:   000001ee87afd886 000000070cae8a58
0x00000098397f8798:   000001eee78fe5c0 000000070ec40f70
0x00000098397f87a8:   0000000000000001 000000070ec352e0
0x00000098397f87b8:   0000000711571198 000000070ed356f0
0x00000098397f87c8:   000000070bd42c70 000000070bd43530
0x00000098397f87d8:   0000000711571070 000001ee93146b30
0x00000098397f87e8:   000001ee807bac4c 0000000711831b98 

Instructions: (pc=0x000001ee8756ae53)
0x000001ee8756ad53:   00 00 00 74 03 ff 63 38 ff 63 50 e9 9d 16 00 00
0x000001ee8756ad63:   66 66 66 0f 1f 84 00 00 00 00 00 66 0f 1f 84 00
0x000001ee8756ad73:   00 00 00 00 66 0f 1f 84 00 00 00 00 00 48 8b 53
0x000001ee8756ad83:   08 0f b7 52 2e 48 8b 0c d4 58 5b 50 44 8b 51 08
0x000001ee8756ad93:   49 bb 00 00 00 93 ee 01 00 00 4d 03 d3 4c 8b 5b
0x000001ee8756ada3:   10 4b 8b 9c da c0 01 00 00 48 85 db 0f 84 10 00
0x000001ee8756adb3:   00 00 41 80 bf d8 05 00 00 00 74 03 ff 63 38 ff
0x000001ee8756adc3:   63 50 e9 36 16 00 00 66 66 66 0f 1f 84 00 00 00
0x000001ee8756add3:   00 00 66 66 66 0f 1f 84 00 00 00 00 00 58 5b 50
0x000001ee8756ade3:   8b 5b 24 48 c1 e3 03 48 8b 5b 10 48 85 db 0f 84
0x000001ee8756adf3:   10 00 00 00 41 80 bf d8 05 00 00 00 74 03 ff 63
0x000001ee8756ae03:   38 ff 63 50 e9 f4 15 00 00 66 66 0f 1f 84 00 00
0x000001ee8756ae13:   00 00 00 66 66 0f 1f 84 00 00 00 00 00 48 8b 53
0x000001ee8756ae23:   08 0f b7 52 2e 48 8b 0c d4 58 5b 50 48 3b 01 8b
0x000001ee8756ae33:   5b 24 48 c1 e3 03 48 8b 5b 10 48 85 db 0f 84 10
0x000001ee8756ae43:   00 00 00 41 80 bf d8 05 00 00 00 74 03 ff 63 38
0x000001ee8756ae53:   ff 63 50 e9 a5 15 00 00 0f 1f 44 00 00 48 8b 53
0x000001ee8756ae63:   08 0f b7 52 2e 48 8b 0c d4 58 5b 50 44 8b 51 08
0x000001ee8756ae73:   49 bb 00 00 00 93 ee 01 00 00 4d 03 d3 8b 43 18
0x000001ee8756ae83:   48 c1 e0 03 48 8b 40 10 48 8b 5b 10 45 8b 9a a0
0x000001ee8756ae93:   00 00 00 4f 8d 9c da c0 01 00 00 4d 8d 14 da 49
0x000001ee8756aea3:   8b 1b 48 3b c3 74 15 48 85 db 0f 84 32 00 00 00
0x000001ee8756aeb3:   49 83 c3 10 49 8b 1b 48 3b c3 75 eb 45 8b 5b 08
0x000001ee8756aec3:   4b 8b 1c 1a 48 85 db 0f 84 10 00 00 00 41 80 bf
0x000001ee8756aed3:   d8 05 00 00 00 74 03 ff 63 38 ff 63 50 e9 1b 15
0x000001ee8756aee3:   00 00 e9 16 12 00 00 f4 00 00 00 00 00 00 00 00
0x000001ee8756aef3:   00 00 00 00 00 00 00 00 00 00 00 00 00 00 00 00
0x000001ee8756af03:   00 00 00 00 00 00 00 00 00 00 00 00 00 00 00 00
0x000001ee8756af13:   00 00 00 00 00 00 00 00 00 00 00 00 00 00 00 00
0x000001ee8756af23:   00 00 00 00 00 00 00 00 00 00 00 00 00 00 00 00
0x000001ee8756af33:   00 00 00 00 00 00 00 00 00 00 00 00 00 00 00 00
0x000001ee8756af43:   00 00 00 00 00 00 00 00 00 00 00 00 00 00 00 00 


Stack slot to memory mapping:

stack at sp + 0 slots: 0x000001ee875391b4 is at code_begin+3380 in an Interpreter codelet
return entry points  [0x000001ee87538480, 0x000001ee8753a590]  8464 bytes
stack at sp + 1 slots: 0x00000098397f8600 is pointing into the stack for thread: 0x000001eedcddb930
stack at sp + 2 slots: 0x000001ee9372b567 is pointing into metadata
stack at sp + 3 slots: 0x0000000000000004 is an unknown value
stack at sp + 4 slots: 0x000001ee930b1088 is pointing into metadata
stack at sp + 5 slots: 0x000001eed49a9c28 is pointing into metadata
stack at sp + 6 slots: 0x000000070bd47c30 is an oop: java.lang.Class 
{0x000000070bd47c30} - klass: 'java/lang/Class'
 - ---- fields (total size 14 words):
 - private volatile transient 'classRedefinedCount' 'I' @12  0 (0x00000000)
 - injected 'klass' 'J' @16  2124180819040 (0x000001ee930b0c60)
 - injected 'array_klass' 'J' @24  0 (0x0000000000000000)
 - injected 'oop_size' 'I' @32  14 (0x0000000e)
 - injected 'static_oop_field_count' 'I' @36  0 (0x00000000)
 - private volatile transient 'cachedConstructor' 'Ljava/lang/reflect/Constructor;' @40  null (0x00000000)
 - private transient 'name' 'Ljava/lang/String;' @44  null (0x00000000)
 - private transient 'module' 'Ljava/lang/Module;' @48  a 'java/lang/Module'{0x000000070bd45830} (0xe17a8b06)
 - private final 'classLoader' 'Ljava/lang/ClassLoader;' @52  null (0x00000000)
 - private transient 'classData' 'Ljava/lang/Object;' @56  null (0x00000000)
 - private transient 'packageName' 'Ljava/lang/String;' @60  null (0x00000000)
 - private final 'componentType' 'Ljava/lang/Class;' @64  null (0x00000000)
 - private volatile transient 'reflectionData' 'Ljava/lang/ref/SoftReference;' @68  null (0x00000000)
 - private volatile transient 'genericInfo' 'Lsun/reflect/generics/repository/ClassRepository;' @72  null (0x00000000)
 - private volatile transient 'enumConstants' '[Ljava/lang/Object;' @76  null (0x00000000)
 - private volatile transient 'enumConstantDirectory' 'Ljava/util/Map;' @80  null (0x00000000)
 - private volatile transient 'annotationData' 'Ljava/lang/Class$AnnotationData;' @84  null (0x00000000)
 - private volatile transient 'annotationType' 'Lsun/reflect/annotation/AnnotationType;' @88  null (0x00000000)
 - transient 'classValueMap' 'Ljava/lang/ClassValue$ClassValueMap;' @92  null (0x00000000)
 - injected 'protection_domain' 'Ljava/lang/Object;' @96  null (0x00000000)
 - injected 'signers_name' 'Ljava/lang/Object;' @100  null (0x00000000)
 - injected 'source_file' 'Ljava/lang/Object;' @104  null (0x00000000)
 - injected '<init_lock>' 'Ljava/lang/Object;' @108  null (0x00000000)
 - signature: Ljava/lang/invoke/DirectMethodHandle$Holder;
 - ---- static fields (0):
stack at sp + 7 slots: {method} {0x000001ee930b5bd8} 'newInvokeSpecial' '(Ljava/lang/Object;)Ljava/lang/Object;' in 'java/lang/invoke/DirectMethodHandle$Holder'

MethodHandle::interpreter_entry::_linkToSpecial [0x000001ee8756ae0c, 0x000001ee8756ae5b] (79 bytes)
[MachCode]
  0x000001ee8756ae0c: 6666 0f1f | 8400 0000 | 0000 6666 | 0f1f 8400 | 0000 0000 | 488b 5308 | 0fb7 522e | 488b 0cd4 
  0x000001ee8756ae2c: 585b 5048 | 3b01 8b5b | 2448 c1e3 | 0348 8b5b | 1048 85db | 0f84 1000 | 0000 4180 | bfd8 0500 
  0x000001ee8756ae4c: 0000 7403 | ff63 38ff | 6350 e9a5 | 
[/MachCode]

---------------  P R O C E S S  ---------------

Threads class SMR info:
_java_thread_list=0x000001eed90a89e0, length=23, elements={
0x000001eeff6dc150, 0x000001eeff6debb0, 0x000001eeff6e1ff0, 0x000001eeff6e2b30,
0x000001eeff6e5600, 0x000001eeff6e9880, 0x000001eeff6eae40, 0x000001eed802ac20,
0x000001eeff6ad000, 0x000001eed8226330, 0x000001eed82953d0, 0x000001eed8295a50,
0x000001eed8b9cd80, 0x000001eedbc9c050, 0x000001eedf38b3e0, 0x000001eedf38ad50,
0x000001eedcdde720, 0x000001eedcddf440, 0x000001eedcddb930, 0x000001eedcde0160,
0x000001eedcddedb0, 0x000001eedcddd370, 0x000001eedcde07f0
}

Java Threads: ( => current thread )
  0x000001eeff6dc150 JavaThread "Reference Handler"          daemon [_thread_blocked, id=46464, stack(0x000000983a000000,0x000000983a100000) (1024K)]
  0x000001eeff6debb0 JavaThread "Finalizer"                  daemon [_thread_blocked, id=16344, stack(0x000000983a100000,0x000000983a200000) (1024K)]
  0x000001eeff6e1ff0 JavaThread "Signal Dispatcher"          daemon [_thread_blocked, id=40224, stack(0x000000983a200000,0x000000983a300000) (1024K)]
  0x000001eeff6e2b30 JavaThread "Attach Listener"            daemon [_thread_blocked, id=36028, stack(0x000000983a300000,0x000000983a400000) (1024K)]
  0x000001eeff6e5600 JavaThread "Service Thread"             daemon [_thread_blocked, id=46720, stack(0x000000983a400000,0x000000983a500000) (1024K)]
  0x000001eeff6e9880 JavaThread "Monitor Deflation Thread"   daemon [_thread_blocked, id=46824, stack(0x000000983a500000,0x000000983a600000) (1024K)]
  0x000001eeff6eae40 JavaThread "C2 CompilerThread0"         daemon [_thread_blocked, id=7320, stack(0x000000983a600000,0x000000983a700000) (1024K)]
  0x000001eed802ac20 JavaThread "C1 CompilerThread0"         daemon [_thread_blocked, id=23736, stack(0x000000983a700000,0x000000983a800000) (1024K)]
  0x000001eeff6ad000 JavaThread "Common-Cleaner"             daemon [_thread_blocked, id=41932, stack(0x000000983a800000,0x000000983a900000) (1024K)]
  0x000001eed8226330 JavaThread "JDWP Transport Listener: dt_socket" daemon [_thread_blocked, id=21832, stack(0x000000983a900000,0x000000983aa00000) (1024K)]
  0x000001eed82953d0 JavaThread "JDWP Event Helper Thread"   daemon [_thread_blocked, id=34604, stack(0x000000983aa00000,0x000000983ab00000) (1024K)]
  0x000001eed8295a50 JavaThread "JDWP Command Reader"        daemon [_thread_blocked, id=14108, stack(0x000000983ab00000,0x000000983ac00000) (1024K)]
  0x000001eed8b9cd80 JavaThread "Notification Thread"        daemon [_thread_blocked, id=14084, stack(0x000000983ae00000,0x000000983af00000) (1024K)]
  0x000001eedbc9c050 JavaThread "PostgreSQL-JDBC-Cleaner"    daemon [_thread_blocked, id=18844, stack(0x000000983c000000,0x000000983c100000) (1024K)]
  0x000001eedf38b3e0 JavaThread "spectator-gauge-polling-0"  daemon [_thread_blocked, id=19676, stack(0x000000983c500000,0x000000983c600000) (1024K)]
  0x000001eedf38ad50 JavaThread "http-nio-8081-exec-2"       daemon [_thread_blocked, id=45364, stack(0x000000983cb00000,0x000000983cc00000) (1024K)]
  0x000001eedcdde720 JavaThread "DestroyJavaVM"                     [_thread_blocked, id=27568, stack(0x0000009839800000,0x0000009839900000) (1024K)]
  0x000001eedcddf440 JavaThread "Thread-1"                          [_thread_blocked, id=38060, stack(0x0000009839600000,0x0000009839700000) (1024K)]
=>0x000001eedcddb930 JavaThread "restartedMain"                     [_thread_in_Java, id=27668, stack(0x0000009839700000,0x0000009839800000) (1024K)]
  0x000001eedcde0160 JavaThread "Catalina-utility-1"                [_thread_blocked, id=26088, stack(0x000000983b600000,0x000000983b700000) (1024K)]
  0x000001eedcddedb0 JavaThread "Catalina-utility-2"                [_thread_blocked, id=39880, stack(0x000000983b700000,0x000000983b800000) (1024K)]
  0x000001eedcddd370 JavaThread "container-0"                       [_thread_blocked, id=45052, stack(0x000000983ba00000,0x000000983bb00000) (1024K)]
  0x000001eedcde07f0 JavaThread "HikariPool-2:housekeeper"   daemon [_thread_blocked, id=26612, stack(0x000000983ac00000,0x000000983ad00000) (1024K)]
Total: 23

Other Threads:
  0x000001eeff6be730 VMThread "VM Thread"                           [id=37836, stack(0x0000009839f00000,0x000000983a000000) (1024K)] _threads_hazard_ptr=0x000001eed90a89e0
  0x000001eeff6ac380 WatcherThread "VM Periodic Task Thread"        [id=42736, stack(0x0000009839e00000,0x0000009839f00000) (1024K)]
  0x000001eef81ee040 WorkerThread "GC Thread#0"                     [id=45612, stack(0x0000009839900000,0x0000009839a00000) (1024K)]
  0x000001eed8e6fa10 WorkerThread "GC Thread#1"                     [id=18584, stack(0x000000983af00000,0x000000983b000000) (1024K)]
  0x000001eed8e6fdb0 WorkerThread "GC Thread#2"                     [id=37220, stack(0x000000983b000000,0x000000983b100000) (1024K)]
  0x000001eed8e70150 WorkerThread "GC Thread#3"                     [id=37696, stack(0x000000983b100000,0x000000983b200000) (1024K)]
  0x000001eed8e68490 WorkerThread "GC Thread#4"                     [id=26484, stack(0x000000983b200000,0x000000983b300000) (1024K)]
  0x000001eed8d945a0 WorkerThread "GC Thread#5"                     [id=14192, stack(0x000000983b300000,0x000000983b400000) (1024K)]
  0x000001eed8d94940 WorkerThread "GC Thread#6"                     [id=25664, stack(0x000000983b400000,0x000000983b500000) (1024K)]
  0x000001eed917f4f0 WorkerThread "GC Thread#7"                     [id=14188, stack(0x000000983b500000,0x000000983b600000) (1024K)]
  0x000001eed9827e90 WorkerThread "GC Thread#8"                     [id=37808, stack(0x000000983b800000,0x000000983b900000) (1024K)]
  0x000001eed9828230 WorkerThread "GC Thread#9"                     [id=39016, stack(0x000000983b900000,0x000000983ba00000) (1024K)]
  0x000001eef81fe4a0 ConcurrentGCThread "G1 Main Marker"            [id=38224, stack(0x0000009839a00000,0x0000009839b00000) (1024K)]
  0x000001eef8200990 WorkerThread "G1 Conc#0"                       [id=44040, stack(0x0000009839b00000,0x0000009839c00000) (1024K)]
  0x000001eed9828970 WorkerThread "G1 Conc#1"                       [id=40300, stack(0x000000983bb00000,0x000000983bc00000) (1024K)]
  0x000001eed9827af0 WorkerThread "G1 Conc#2"                       [id=33440, stack(0x000000983bc00000,0x000000983bd00000) (1024K)]
  0x000001eeff57a250 ConcurrentGCThread "G1 Refine#0"               [id=36924, stack(0x0000009839c00000,0x0000009839d00000) (1024K)]
  0x000001eeff57aa70 ConcurrentGCThread "G1 Service"                [id=40852, stack(0x0000009839d00000,0x0000009839e00000) (1024K)]
Total: 18

Threads with active compile tasks:
Total: 0

VM state: synchronizing (normal execution)

VM Mutex/Monitor currently owned by a thread:  ([mutex/lock_event])
[0x00007ff9ca37e380] Threads_lock - owner thread: 0x000001eeff6be730

OutOfMemory and StackOverflow Exception counts:
StackOverflowErrors=4
LinkageErrors=188

Heap address: 0x000000070b800000, size: 3912 MB, Compressed Oops mode: Zero based, Oop shift amount: 3

CDS archive(s) mapped at: [0x000001ee93000000-0x000001ee93c80000-0x000001ee93c80000), size 13107200, SharedBaseAddress: 0x000001ee93000000, ArchiveRelocationMode: 1.
Compressed class space mapped at: 0x000001ee94000000-0x000001eed4000000, reserved size: 1073741824
Narrow klass base: 0x000001ee93000000, Narrow klass shift: 0, Narrow klass range: 0x100000000

GC Precious Log:
 CardTable entry size: 512
 Card Set container configuration: InlinePtr #cards 4 size 8 Array Of Cards #cards 16 size 48 Howl #buckets 8 coarsen threshold 3686 Howl Bitmap #cards 512 size 80 coarsen threshold 460 Card regions per heap region 1 cards per card region 4096
 CPUs: 12 total, 12 available
 Memory: 15645M
 Large Page Support: Disabled
 NUMA Support: Disabled
 Compressed Oops: Enabled (Zero based)
 Heap Region Size: 2M
 Heap Min Capacity: 8M
 Heap Initial Capacity: 246M
 Heap Max Capacity: 3912M
 Pre-touch: Disabled
 Parallel Workers: 10
 Concurrent Workers: 3
 Concurrent Refinement Workers: 10
 Periodic GC: Disabled

Heap:
 garbage-first heap   total 118784K, used 79715K [0x000000070b800000, 0x0000000800000000)
  region size 2048K, 20 young (40960K), 3 survivors (6144K)
 Metaspace       used 85705K, committed 86656K, reserved 1179648K
  class space    used 11406K, committed 11840K, reserved 1048576K

Heap Regions: E=young(eden), S=young(survivor), O=old, HS=humongous(starts), HC=humongous(continues), CS=collection set, F=free, TAMS=top-at-mark-start, PB=parsable bottom
|   0|0x000000070b800000, 0x000000070b9fff98, 0x000000070ba00000| 99%| O|  |TAMS 0x000000070b800000| PB 0x000000070b800000| Untracked 
|   1|0x000000070ba00000, 0x000000070bc00000, 0x000000070bc00000|100%| O|  |TAMS 0x000000070ba00000| PB 0x000000070ba00000| Untracked 
|   2|0x000000070bc00000, 0x000000070bdffff0, 0x000000070be00000| 99%| O|  |TAMS 0x000000070bc00000| PB 0x000000070bc00000| Untracked 
|   3|0x000000070be00000, 0x000000070c000000, 0x000000070c000000|100%| O|  |TAMS 0x000000070be00000| PB 0x000000070be00000| Untracked 
|   4|0x000000070c000000, 0x000000070c1ffff0, 0x000000070c200000| 99%| O|  |TAMS 0x000000070c000000| PB 0x000000070c000000| Untracked 
|   5|0x000000070c200000, 0x000000070c3fffb0, 0x000000070c400000| 99%| O|  |TAMS 0x000000070c200000| PB 0x000000070c200000| Untracked 
|   6|0x000000070c400000, 0x000000070c5fffe0, 0x000000070c600000| 99%| O|  |TAMS 0x000000070c400000| PB 0x000000070c400000| Untracked 
|   7|0x000000070c600000, 0x000000070c7ffff0, 0x000000070c800000| 99%| O|  |TAMS 0x000000070c600000| PB 0x000000070c600000| Untracked 
|   8|0x000000070c800000, 0x000000070ca00000, 0x000000070ca00000|100%| O|  |TAMS 0x000000070c800000| PB 0x000000070c800000| Untracked 
|   9|0x000000070ca00000, 0x000000070cbffb48, 0x000000070cc00000| 99%| O|  |TAMS 0x000000070ca00000| PB 0x000000070ca00000| Untracked 
|  10|0x000000070cc00000, 0x000000070ce00000, 0x000000070ce00000|100%| O|  |TAMS 0x000000070cc00000| PB 0x000000070cc00000| Untracked 
|  11|0x000000070ce00000, 0x000000070cfffff0, 0x000000070d000000| 99%| O|  |TAMS 0x000000070ce00000| PB 0x000000070ce00000| Untracked 
|  12|0x000000070d000000, 0x000000070d200000, 0x000000070d200000|100%| O|  |TAMS 0x000000070d000000| PB 0x000000070d000000| Untracked 
|  13|0x000000070d200000, 0x000000070d3ffff8, 0x000000070d400000| 99%| O|  |TAMS 0x000000070d200000| PB 0x000000070d200000| Untracked 
|  14|0x000000070d400000, 0x000000070d5ffff0, 0x000000070d600000| 99%| O|  |TAMS 0x000000070d400000| PB 0x000000070d400000| Untracked 
|  15|0x000000070d600000, 0x000000070d7ffff0, 0x000000070d800000| 99%| O|  |TAMS 0x000000070d600000| PB 0x000000070d600000| Untracked 
|  16|0x000000070d800000, 0x000000070d983588, 0x000000070da00000| 75%| O|  |TAMS 0x000000070d800000| PB 0x000000070d800000| Untracked 
|  17|0x000000070da00000, 0x000000070dbffd70, 0x000000070dc00000| 99%| O|  |TAMS 0x000000070da00000| PB 0x000000070da00000| Untracked 
|  18|0x000000070dc00000, 0x000000070de00000, 0x000000070de00000|100%| O|  |TAMS 0x000000070dc00000| PB 0x000000070dc00000| Untracked 
|  19|0x000000070de00000, 0x000000070df9dcd0, 0x000000070e000000| 80%| O|  |TAMS 0x000000070de00000| PB 0x000000070de00000| Untracked 
|  20|0x000000070e000000, 0x000000070e000000, 0x000000070e200000|  0%| F|  |TAMS 0x000000070e000000| PB 0x000000070e000000| Untracked 
|  21|0x000000070e200000, 0x000000070e200000, 0x000000070e400000|  0%| F|  |TAMS 0x000000070e200000| PB 0x000000070e200000| Untracked 
|  22|0x000000070e400000, 0x000000070e600000, 0x000000070e600000|100%| O|  |TAMS 0x000000070e400000| PB 0x000000070e400000| Untracked 
|  23|0x000000070e600000, 0x000000070e77a2f0, 0x000000070e800000| 73%| O|Cm|TAMS 0x000000070e600000| PB 0x000000070e600000| Complete 
|  24|0x000000070e800000, 0x000000070e93e000, 0x000000070ea00000| 62%| S|CS|TAMS 0x000000070e800000| PB 0x000000070e800000| Complete 
|  25|0x000000070ea00000, 0x000000070ec00000, 0x000000070ec00000|100%| S|CS|TAMS 0x000000070ea00000| PB 0x000000070ea00000| Complete 
|  26|0x000000070ec00000, 0x000000070ee00000, 0x000000070ee00000|100%| S|CS|TAMS 0x000000070ec00000| PB 0x000000070ec00000| Complete 
|  27|0x000000070ee00000, 0x000000070ee00000, 0x000000070f000000|  0%| F|  |TAMS 0x000000070ee00000| PB 0x000000070ee00000| Untracked 
|  28|0x000000070f000000, 0x000000070f000000, 0x000000070f200000|  0%| F|  |TAMS 0x000000070f000000| PB 0x000000070f000000| Untracked 
|  29|0x000000070f200000, 0x000000070f200000, 0x000000070f400000|  0%| F|  |TAMS 0x000000070f200000| PB 0x000000070f200000| Untracked 
|  30|0x000000070f400000, 0x000000070f400000, 0x000000070f600000|  0%| F|  |TAMS 0x000000070f400000| PB 0x000000070f400000| Untracked 
|  31|0x000000070f600000, 0x000000070f600000, 0x000000070f800000|  0%| F|  |TAMS 0x000000070f600000| PB 0x000000070f600000| Untracked 
|  32|0x000000070f800000, 0x000000070f800000, 0x000000070fa00000|  0%| F|  |TAMS 0x000000070f800000| PB 0x000000070f800000| Untracked 
|  33|0x000000070fa00000, 0x000000070fa00000, 0x000000070fc00000|  0%| F|  |TAMS 0x000000070fa00000| PB 0x000000070fa00000| Untracked 
|  34|0x000000070fc00000, 0x000000070fc00000, 0x000000070fe00000|  0%| F|  |TAMS 0x000000070fc00000| PB 0x000000070fc00000| Untracked 
|  35|0x000000070fe00000, 0x000000070fe00000, 0x0000000710000000|  0%| F|  |TAMS 0x000000070fe00000| PB 0x000000070fe00000| Untracked 
|  36|0x0000000710000000, 0x0000000710000000, 0x0000000710200000|  0%| F|  |TAMS 0x0000000710000000| PB 0x0000000710000000| Untracked 
|  37|0x0000000710200000, 0x0000000710200000, 0x0000000710400000|  0%| F|  |TAMS 0x0000000710200000| PB 0x0000000710200000| Untracked 
|  38|0x0000000710400000, 0x0000000710400000, 0x0000000710600000|  0%| F|  |TAMS 0x0000000710400000| PB 0x0000000710400000| Untracked 
|  39|0x0000000710600000, 0x0000000710600000, 0x0000000710800000|  0%| F|  |TAMS 0x0000000710600000| PB 0x0000000710600000| Untracked 
|  40|0x0000000710800000, 0x0000000710800000, 0x0000000710a00000|  0%| F|  |TAMS 0x0000000710800000| PB 0x0000000710800000| Untracked 
|  41|0x0000000710a00000, 0x0000000710a712c0, 0x0000000710c00000| 22%| E|  |TAMS 0x0000000710a00000| PB 0x0000000710a00000| Complete 
|  42|0x0000000710c00000, 0x0000000710e00000, 0x0000000710e00000|100%| E|CS|TAMS 0x0000000710c00000| PB 0x0000000710c00000| Complete 
|  43|0x0000000710e00000, 0x0000000711000000, 0x0000000711000000|100%| E|CS|TAMS 0x0000000710e00000| PB 0x0000000710e00000| Complete 
|  44|0x0000000711000000, 0x0000000711200000, 0x0000000711200000|100%| E|  |TAMS 0x0000000711000000| PB 0x0000000711000000| Complete 
|  45|0x0000000711200000, 0x0000000711400000, 0x0000000711400000|100%| E|CS|TAMS 0x0000000711200000| PB 0x0000000711200000| Complete 
|  46|0x0000000711400000, 0x0000000711600000, 0x0000000711600000|100%| E|CS|TAMS 0x0000000711400000| PB 0x0000000711400000| Complete 
|  47|0x0000000711600000, 0x0000000711800000, 0x0000000711800000|100%| E|CS|TAMS 0x0000000711600000| PB 0x0000000711600000| Complete 
|  48|0x0000000711800000, 0x0000000711a00000, 0x0000000711a00000|100%| E|CS|TAMS 0x0000000711800000| PB 0x0000000711800000| Complete 
|  49|0x0000000711a00000, 0x0000000711c00000, 0x0000000711c00000|100%| E|CS|TAMS 0x0000000711a00000| PB 0x0000000711a00000| Complete 
|  50|0x0000000711c00000, 0x0000000711e00000, 0x0000000711e00000|100%| E|CS|TAMS 0x0000000711c00000| PB 0x0000000711c00000| Complete 
|  51|0x0000000711e00000, 0x0000000712000000, 0x0000000712000000|100%| E|CS|TAMS 0x0000000711e00000| PB 0x0000000711e00000| Complete 
|  52|0x0000000712000000, 0x0000000712200000, 0x0000000712200000|100%| E|CS|TAMS 0x0000000712000000| PB 0x0000000712000000| Complete 
|  53|0x0000000712200000, 0x0000000712400000, 0x0000000712400000|100%| E|CS|TAMS 0x0000000712200000| PB 0x0000000712200000| Complete 
| 118|0x000000071a400000, 0x000000071a600000, 0x000000071a600000|100%| E|CS|TAMS 0x000000071a400000| PB 0x000000071a400000| Complete 
| 119|0x000000071a600000, 0x000000071a800000, 0x000000071a800000|100%| E|CS|TAMS 0x000000071a600000| PB 0x000000071a600000| Complete 
| 120|0x000000071a800000, 0x000000071aa00000, 0x000000071aa00000|100%| E|CS|TAMS 0x000000071a800000| PB 0x000000071a800000| Complete 
| 122|0x000000071ac00000, 0x000000071ae00000, 0x000000071ae00000|100%| E|CS|TAMS 0x000000071ac00000| PB 0x000000071ac00000| Complete 

Card table byte_map: [0x000001eefc7f0000,0x000001eefcfa0000] _byte_map_base: 0x000001eef8f94000

Marking Bits: (CMBitMap*) 0x000001eef81ee740
 Bits: [0x000001ee8f000000, 0x000001ee92d20000)

Polling page: 0x000001eef5fc0000

Metaspace:

Usage:
  Non-class:     72.56 MB used.
      Class:     11.14 MB used.
       Both:     83.70 MB used.

Virtual space:
  Non-class space:      128.00 MB reserved,      73.06 MB ( 57%) committed,  2 nodes.
      Class space:        1.00 GB reserved,      11.56 MB (  1%) committed,  1 nodes.
             Both:        1.12 GB reserved,      84.62 MB (  7%) committed. 

Chunk freelists:
   Non-Class:  6.51 MB
       Class:  4.33 MB
        Both:  10.84 MB

MaxMetaspaceSize: unlimited
CompressedClassSpaceSize: 1.00 GB
Initial GC threshold: 21.00 MB
Current GC threshold: 140.12 MB
CDS: on
 - commit_granule_bytes: 65536.
 - commit_granule_words: 8192.
 - virtual_space_node_default_size: 8388608.
 - enlarge_chunks_in_place: 1.
 - use_allocation_guard: 0.


Internal statistics:

num_allocs_failed_limit: 9.
num_arena_births: 1390.
num_arena_deaths: 0.
num_vsnodes_births: 3.
num_vsnodes_deaths: 0.
num_space_committed: 1354.
num_space_uncommitted: 0.
num_chunks_returned_to_freelist: 9.
num_chunks_taken_from_freelist: 4554.
num_chunk_merges: 9.
num_chunk_splits: 3192.
num_chunks_enlarged: 2429.
num_inconsistent_stats: 0.

CodeHeap 'non-profiled nmethods': size=120000Kb used=6101Kb max_used=6600Kb free=113898Kb
 bounds [0x000001ee87ad0000, 0x000001ee88150000, 0x000001ee8f000000]
CodeHeap 'profiled nmethods': size=120000Kb used=14207Kb max_used=15245Kb free=105792Kb
 bounds [0x000001ee80000000, 0x000001ee80f00000, 0x000001ee87530000]
CodeHeap 'non-nmethods': size=5760Kb used=2010Kb max_used=2077Kb free=3749Kb
 bounds [0x000001ee87530000, 0x000001ee877a0000, 0x000001ee87ad0000]
 total_blobs=7642 nmethods=6891 adapters=654
 compilation: enabled
              stopped_count=0, restarted_count=0
 full_count=0

Compilation events (20 events):
Event: 557.335 Thread 0x000001eed802ac20 nmethod 9550 0x000001ee80220b10 code [0x000001ee80220e60, 0x000001ee80221e10]
Event: 557.335 Thread 0x000001eed802ac20 9551       3       java.lang.invoke.LambdaForm$DMH/0x000001ee9409c400::invokeInterface (28 bytes)
Event: 557.335 Thread 0x000001eed802ac20 nmethod 9551 0x000001ee80632510 code [0x000001ee80632700, 0x000001ee80632e00]
Event: 557.335 Thread 0x000001eed802ac20 9552   !   3       jdk.proxy3.$Proxy158::authenticate (36 bytes)
Event: 557.336 Thread 0x000001eed802ac20 nmethod 9552 0x000001ee8050e210 code [0x000001ee8050e400, 0x000001ee8050eaf0]
Event: 557.336 Thread 0x000001eed802ac20 9553  s    3       org.springframework.aop.target.LazyInitTargetSource::getTarget (37 bytes)
Event: 557.336 Thread 0x000001eed802ac20 nmethod 9553 0x000001ee800eec90 code [0x000001ee800eeec0, 0x000001ee800ef7c0]
Event: 557.337 Thread 0x000001eeff6eae40 nmethod 9556 0x000001ee87e4d410 code [0x000001ee87e4d5c0, 0x000001ee87e4d840]
Event: 557.363 Thread 0x000001eed802ac20 9557       3       org.springframework.aop.TargetSource::releaseTarget (1 bytes)
Event: 557.364 Thread 0x000001eed802ac20 nmethod 9557 0x000001ee802c8a90 code [0x000001ee802c8c20, 0x000001ee802c8d28]
Event: 557.455 Thread 0x000001eed802ac20 9558       3       java.lang.Exception::<init> (6 bytes)
Event: 557.455 Thread 0x000001eed802ac20 nmethod 9558 0x000001ee80210510 code [0x000001ee802106c0, 0x000001ee80210810]
Event: 557.455 Thread 0x000001eed802ac20 9559       3       java.lang.Throwable::<init> (50 bytes)
Event: 557.456 Thread 0x000001eed802ac20 nmethod 9559 0x000001ee807b6010 code [0x000001ee807b6200, 0x000001ee807b6778]
Event: 557.469 Thread 0x000001eed802ac20 9560       3       java.lang.reflect.InvocationTargetException::<init> (14 bytes)
Event: 557.469 Thread 0x000001eed802ac20 nmethod 9560 0x000001ee80789510 code [0x000001ee807896e0, 0x000001ee80789960]
Event: 557.470 Thread 0x000001eed802ac20 9561       3       java.lang.ReflectiveOperationException::<init> (6 bytes)
Event: 557.470 Thread 0x000001eed802ac20 nmethod 9561 0x000001ee80bff810 code [0x000001ee80bff9c0, 0x000001ee80bffb70]
Event: 557.477 Thread 0x000001eed802ac20 9562       1       java.lang.reflect.InvocationTargetException::getTargetException (5 bytes)
Event: 557.477 Thread 0x000001eed802ac20 nmethod 9562 0x000001ee87dee390 code [0x000001ee87dee520, 0x000001ee87dee5f0]

GC Heap History (20 events):
Event: 10.364 GC heap before
{Heap before GC invocations=18 (full 0):
 garbage-first heap   total 98304K, used 75787K [0x000000070b800000, 0x0000000800000000)
  region size 2048K, 23 young (47104K), 3 survivors (6144K)
 Metaspace       used 59436K, committed 60096K, reserved 1114112K
  class space    used 7844K, committed 8128K, reserved 1048576K
}
Event: 10.368 GC heap after
{Heap after GC invocations=19 (full 0):
 garbage-first heap   total 98304K, used 39385K [0x000000070b800000, 0x0000000800000000)
  region size 2048K, 2 young (4096K), 2 survivors (4096K)
 Metaspace       used 59436K, committed 60096K, reserved 1114112K
  class space    used 7844K, committed 8128K, reserved 1048576K
}
Event: 10.936 GC heap before
{Heap before GC invocations=20 (full 0):
 garbage-first heap   total 98304K, used 86489K [0x000000070b800000, 0x0000000800000000)
  region size 2048K, 25 young (51200K), 2 survivors (4096K)
 Metaspace       used 63621K, committed 64256K, reserved 1114112K
  class space    used 8527K, committed 8832K, reserved 1048576K
}
Event: 10.941 GC heap after
{Heap after GC invocations=21 (full 0):
 garbage-first heap   total 98304K, used 40845K [0x000000070b800000, 0x0000000800000000)
  region size 2048K, 3 young (6144K), 3 survivors (6144K)
 Metaspace       used 63621K, committed 64256K, reserved 1114112K
  class space    used 8527K, committed 8832K, reserved 1048576K
}
Event: 11.550 GC heap before
{Heap before GC invocations=21 (full 0):
 garbage-first heap   total 98304K, used 83853K [0x000000070b800000, 0x0000000800000000)
  region size 2048K, 24 young (49152K), 3 survivors (6144K)
 Metaspace       used 67693K, committed 68480K, reserved 1114112K
  class space    used 9056K, committed 9408K, reserved 1048576K
}
Event: 11.557 GC heap after
{Heap after GC invocations=22 (full 0):
 garbage-first heap   total 98304K, used 42168K [0x000000070b800000, 0x0000000800000000)
  region size 2048K, 3 young (6144K), 3 survivors (6144K)
 Metaspace       used 67693K, committed 68480K, reserved 1114112K
  class space    used 9056K, committed 9408K, reserved 1048576K
}
Event: 12.225 GC heap before
{Heap before GC invocations=22 (full 0):
 garbage-first heap   total 98304K, used 83128K [0x000000070b800000, 0x0000000800000000)
  region size 2048K, 23 young (47104K), 3 survivors (6144K)
 Metaspace       used 70499K, committed 71232K, reserved 1114112K
  class space    used 9455K, committed 9792K, reserved 1048576K
}
Event: 12.231 GC heap after
{Heap after GC invocations=23 (full 0):
 garbage-first heap   total 98304K, used 44674K [0x000000070b800000, 0x0000000800000000)
  region size 2048K, 3 young (6144K), 3 survivors (6144K)
 Metaspace       used 70499K, committed 71232K, reserved 1114112K
  class space    used 9455K, committed 9792K, reserved 1048576K
}
Event: 12.914 GC heap before
{Heap before GC invocations=23 (full 0):
 garbage-first heap   total 98304K, used 85634K [0x000000070b800000, 0x0000000800000000)
  region size 2048K, 23 young (47104K), 3 survivors (6144K)
 Metaspace       used 73805K, committed 74688K, reserved 1114112K
  class space    used 9945K, committed 10368K, reserved 1048576K
}
Event: 12.920 GC heap after
{Heap after GC invocations=24 (full 0):
 garbage-first heap   total 98304K, used 47312K [0x000000070b800000, 0x0000000800000000)
  region size 2048K, 3 young (6144K), 3 survivors (6144K)
 Metaspace       used 73805K, committed 74688K, reserved 1114112K
  class space    used 9945K, committed 10368K, reserved 1048576K
}
Event: 13.483 GC heap before
{Heap before GC invocations=25 (full 0):
 garbage-first heap   total 98304K, used 82128K [0x000000070b800000, 0x0000000800000000)
  region size 2048K, 21 young (43008K), 3 survivors (6144K)
 Metaspace       used 77295K, committed 78208K, reserved 1179648K
  class space    used 10451K, committed 10880K, reserved 1048576K
}
Event: 13.489 GC heap after
{Heap after GC invocations=26 (full 0):
 garbage-first heap   total 98304K, used 50064K [0x000000070b800000, 0x0000000800000000)
  region size 2048K, 3 young (6144K), 3 survivors (6144K)
 Metaspace       used 77295K, committed 78208K, reserved 1179648K
  class space    used 10451K, committed 10880K, reserved 1048576K
}
Event: 13.901 GC heap before
{Heap before GC invocations=26 (full 0):
 garbage-first heap   total 98304K, used 84880K [0x000000070b800000, 0x0000000800000000)
  region size 2048K, 20 young (40960K), 3 survivors (6144K)
 Metaspace       used 80740K, committed 81536K, reserved 1179648K
  class space    used 10910K, committed 11264K, reserved 1048576K
}
Event: 13.910 GC heap after
{Heap after GC invocations=27 (full 0):
 garbage-first heap   total 118784K, used 51630K [0x000000070b800000, 0x0000000800000000)
  region size 2048K, 3 young (6144K), 3 survivors (6144K)
 Metaspace       used 80740K, committed 81536K, reserved 1179648K
  class space    used 10910K, committed 11264K, reserved 1048576K
}
Event: 125.473 GC heap before
{Heap before GC invocations=27 (full 0):
 garbage-first heap   total 118784K, used 100782K [0x000000070b800000, 0x0000000800000000)
  region size 2048K, 28 young (57344K), 3 survivors (6144K)
 Metaspace       used 84426K, committed 85312K, reserved 1179648K
  class space    used 11343K, committed 11776K, reserved 1048576K
}
Event: 125.487 GC heap after
{Heap after GC invocations=28 (full 0):
 garbage-first heap   total 118784K, used 52858K [0x000000070b800000, 0x0000000800000000)
  region size 2048K, 2 young (4096K), 2 survivors (4096K)
 Metaspace       used 84426K, committed 85312K, reserved 1179648K
  class space    used 11343K, committed 11776K, reserved 1048576K
}
Event: 348.282 GC heap before
{Heap before GC invocations=28 (full 0):
 garbage-first heap   total 118784K, used 75386K [0x000000070b800000, 0x0000000800000000)
  region size 2048K, 14 young (28672K), 2 survivors (4096K)
 Metaspace       used 84746K, committed 85760K, reserved 1179648K
  class space    used 11375K, committed 11840K, reserved 1048576K
}
Event: 348.400 GC heap after
{Heap after GC invocations=29 (full 1):
 garbage-first heap   total 118784K, used 43627K [0x000000070b800000, 0x0000000800000000)
  region size 2048K, 0 young (0K), 0 survivors (0K)
 Metaspace       used 84746K, committed 85760K, reserved 1179648K
  class space    used 11375K, committed 11840K, reserved 1048576K
}
Event: 350.095 GC heap before
{Heap before GC invocations=29 (full 1):
 garbage-first heap   total 118784K, used 105067K [0x000000070b800000, 0x0000000800000000)
  region size 2048K, 31 young (63488K), 0 survivors (0K)
 Metaspace       used 85050K, committed 86080K, reserved 1179648K
  class space    used 11387K, committed 11840K, reserved 1048576K
}
Event: 350.102 GC heap after
{Heap after GC invocations=30 (full 1):
 garbage-first heap   total 118784K, used 48995K [0x000000070b800000, 0x0000000800000000)
  region size 2048K, 3 young (6144K), 3 survivors (6144K)
 Metaspace       used 85050K, committed 86080K, reserved 1179648K
  class space    used 11387K, committed 11840K, reserved 1048576K
}

Dll operation events (12 events):
Event: 0.045 Loaded shared library C:\Users\azmaurya\Downloads\sts-4.30.0.RELEASE\plugins\org.eclipse.justj.openjdk.hotspot.jre.full.win32.x86_64_21.0.6.v20250130-0529\jre\bin\java.dll
Event: 0.106 Loaded shared library C:\Users\azmaurya\Downloads\sts-4.30.0.RELEASE\plugins\org.eclipse.justj.openjdk.hotspot.jre.full.win32.x86_64_21.0.6.v20250130-0529\jre\bin\zip.dll
Event: 0.505 Loaded shared library C:\Users\azmaurya\Downloads\sts-4.30.0.RELEASE\plugins\org.eclipse.justj.openjdk.hotspot.jre.full.win32.x86_64_21.0.6.v20250130-0529\jre\bin\instrument.dll
Event: 0.521 Loaded shared library C:\Users\azmaurya\Downloads\sts-4.30.0.RELEASE\plugins\org.eclipse.justj.openjdk.hotspot.jre.full.win32.x86_64_21.0.6.v20250130-0529\jre\bin\net.dll
Event: 0.526 Loaded shared library C:\Users\azmaurya\Downloads\sts-4.30.0.RELEASE\plugins\org.eclipse.justj.openjdk.hotspot.jre.full.win32.x86_64_21.0.6.v20250130-0529\jre\bin\nio.dll
Event: 0.534 Loaded shared library C:\Users\azmaurya\Downloads\sts-4.30.0.RELEASE\plugins\org.eclipse.justj.openjdk.hotspot.jre.full.win32.x86_64_21.0.6.v20250130-0529\jre\bin\zip.dll
Event: 0.813 Loaded shared library C:\Users\azmaurya\Downloads\sts-4.30.0.RELEASE\plugins\org.eclipse.justj.openjdk.hotspot.jre.full.win32.x86_64_21.0.6.v20250130-0529\jre\bin\jimage.dll
Event: 0.881 Loaded shared library C:\Users\azmaurya\Downloads\sts-4.30.0.RELEASE\plugins\org.eclipse.justj.openjdk.hotspot.jre.full.win32.x86_64_21.0.6.v20250130-0529\jre\bin\verify.dll
Event: 1.532 Loaded shared library C:\Users\azmaurya\Downloads\sts-4.30.0.RELEASE\plugins\org.eclipse.justj.openjdk.hotspot.jre.full.win32.x86_64_21.0.6.v20250130-0529\jre\bin\management.dll
Event: 1.541 Loaded shared library C:\Users\azmaurya\Downloads\sts-4.30.0.RELEASE\plugins\org.eclipse.justj.openjdk.hotspot.jre.full.win32.x86_64_21.0.6.v20250130-0529\jre\bin\management_ext.dll
Event: 3.159 Loaded shared library C:\Users\azmaurya\Downloads\sts-4.30.0.RELEASE\plugins\org.eclipse.justj.openjdk.hotspot.jre.full.win32.x86_64_21.0.6.v20250130-0529\jre\bin\sunmscapi.dll
Event: 8.639 Loaded shared library C:\Users\azmaurya\Downloads\sts-4.30.0.RELEASE\plugins\org.eclipse.justj.openjdk.hotspot.jre.full.win32.x86_64_21.0.6.v20250130-0529\jre\bin\extnet.dll

Deoptimization events (20 events):
Event: 557.629 Thread 0x000001eedf38ad50 DEOPT PACKING pc=0x000001ee80948cf4 sp=0x000000983cb1ffc0
Event: 557.629 Thread 0x000001eedf38ad50 DEOPT UNPACKING pc=0x000001ee875888e2 sp=0x000000983cb1f4b0 mode 1
Event: 557.630 Thread 0x000001eedf38ad50 DEOPT PACKING pc=0x000001ee808bc9ac sp=0x000000983cb20100
Event: 557.630 Thread 0x000001eedf38ad50 DEOPT UNPACKING pc=0x000001ee875888e2 sp=0x000000983cb1f668 mode 1
Event: 557.633 Thread 0x000001eedf38ad50 DEOPT PACKING pc=0x000001ee804c54d4 sp=0x000000983cb202e0
Event: 557.633 Thread 0x000001eedf38ad50 DEOPT UNPACKING pc=0x000001ee875888e2 sp=0x000000983cb1f758 mode 1
Event: 557.633 Thread 0x000001eedf38ad50 DEOPT PACKING pc=0x000001ee8808e604 sp=0x000000983cb203b0
Event: 557.633 Thread 0x000001eedf38ad50 DEOPT UNPACKING pc=0x000001ee875888e2 sp=0x000000983cb1f7b0 mode 1
Event: 557.633 Thread 0x000001eedf38ad50 DEOPT PACKING pc=0x000001ee80948cf4 sp=0x000000983cb20450
Event: 557.633 Thread 0x000001eedf38ad50 DEOPT UNPACKING pc=0x000001ee875888e2 sp=0x000000983cb1f940 mode 1
Event: 557.634 Thread 0x000001eedf38ad50 DEOPT PACKING pc=0x000001ee808bc9ac sp=0x000000983cb20590
Event: 557.634 Thread 0x000001eedf38ad50 DEOPT UNPACKING pc=0x000001ee875888e2 sp=0x000000983cb1faf8 mode 1
Event: 557.636 Thread 0x000001eedf38ad50 DEOPT PACKING pc=0x000001ee804c54d4 sp=0x000000983cb20770
Event: 557.636 Thread 0x000001eedf38ad50 DEOPT UNPACKING pc=0x000001ee875888e2 sp=0x000000983cb1fbe8 mode 1
Event: 557.636 Thread 0x000001eedf38ad50 DEOPT PACKING pc=0x000001ee8808e604 sp=0x000000983cb20840
Event: 557.636 Thread 0x000001eedf38ad50 DEOPT UNPACKING pc=0x000001ee875888e2 sp=0x000000983cb1fc40 mode 1
Event: 557.636 Thread 0x000001eedf38ad50 DEOPT PACKING pc=0x000001ee80948cf4 sp=0x000000983cb208e0
Event: 557.636 Thread 0x000001eedf38ad50 DEOPT UNPACKING pc=0x000001ee875888e2 sp=0x000000983cb1fdd0 mode 1
Event: 557.637 Thread 0x000001eedf38ad50 DEOPT PACKING pc=0x000001ee808bc9ac sp=0x000000983cb20a20
Event: 557.637 Thread 0x000001eedf38ad50 DEOPT UNPACKING pc=0x000001ee875888e2 sp=0x000000983cb1ff88 mode 1

Classes loaded (20 events):
Event: 342.811 Loading class javax/management/NotificationBroadcasterSupport$WildcardListenerInfo
Event: 342.811 Loading class javax/management/NotificationBroadcasterSupport$WildcardListenerInfo done
Event: 348.272 Loading class java/util/WeakHashMap$KeyIterator
Event: 348.275 Loading class java/util/WeakHashMap$HashIterator
Event: 348.276 Loading class java/util/WeakHashMap$HashIterator done
Event: 348.276 Loading class java/util/WeakHashMap$KeyIterator done
Event: 348.401 Loading class java/lang/ref/Finalizer$2
Event: 348.402 Loading class java/lang/ref/Finalizer$2 done
Event: 348.403 Loading class java/lang/ref/Finalizer$1
Event: 348.403 Loading class java/lang/ref/Finalizer$1 done
Event: 349.920 Loading class java/util/WeakHashMap$EntrySet
Event: 349.921 Loading class java/util/WeakHashMap$EntrySet done
Event: 349.921 Loading class java/util/WeakHashMap$EntryIterator
Event: 349.921 Loading class java/util/WeakHashMap$EntryIterator done
Event: 556.436 Loading class java/util/Scanner
Event: 556.447 Loading class java/util/Scanner done
Event: 556.449 Loading class java/util/Scanner$PatternLRUCache
Event: 556.449 Loading class java/util/Scanner$PatternLRUCache done
Event: 556.451 Loading class java/util/regex/Matcher$ImmutableMatchResult
Event: 556.451 Loading class java/util/regex/Matcher$ImmutableMatchResult done

Classes unloaded (0 events):
No events

Classes redefined (0 events):
No events

Internal exceptions (20 events):
Event: 20.171 Thread 0x000001eedf38a6c0 Exception <a 'java/lang/NoSuchMethodError'{0x0000000711ff0e00}: 'java.lang.Object java.lang.invoke.Invokers$Holder.linkToTargetMethod(java.lang.Object, java.lang.Object, java.lang.Object, long, java.lang.Object)'> (0x0000000711ff0e00) 
thrown [s\src\hotspot\share\interpreter\linkResolver.cpp, line 773]
Event: 54.644 Thread 0x000001eedbc9e7b0 Exception <a 'java/lang/StackOverflowError'{0x000000071102b008}> (0x000000071102b008) 
thrown [s\src\hotspot\share\interpreter\interpreterRuntime.cpp, line 378]
Event: 102.838 Thread 0x000001eedbc9e7b0 Implicit null exception at 0x000001ee87b0dfa1 to 0x000001ee87b0e6c8
Event: 111.164 Thread 0x000001eedf38a6c0 Exception <a 'java/lang/StackOverflowError'{0x000000071159eca8}> (0x000000071159eca8) 
thrown [s\src\hotspot\share\interpreter\interpreterRuntime.cpp, line 378]
Event: 111.260 Thread 0x000001eedf38a6c0 Exception <a 'java/lang/StackOverflowError'{0x000000070fc7e658}> (0x000000070fc7e658) 
thrown [s\src\hotspot\share\interpreter\interpreterRuntime.cpp, line 378]
Event: 337.764 Thread 0x000001eedcddda00 Exception <a 'java/net/SocketException'{0x000000071acc9dd8}: Connection reset by peer: shutdown> (0x000000071acc9dd8) 
thrown [s\src\hotspot\share\prims\jni.cpp, line 539]
Event: 337.764 Thread 0x000001eedcddda00 Exception <a 'java/net/SocketException'{0x000000071acca130}: Connection reset by peer: shutdown> (0x000000071acca130) 
thrown [s\src\hotspot\share\prims\jni.cpp, line 539]
Event: 348.277 Thread 0x000001eedb546920 Exception <a 'java/lang/InterruptedException'{0x00000007115bcc88}: sleep interrupted> (0x00000007115bcc88) 
thrown [s\src\hotspot\share\prims\jvm.cpp, line 3074]
Event: 348.433 Thread 0x000001eedcddb930 Exception <a 'sun/nio/fs/WindowsException'{0x000000071accc8f8}> (0x000000071accc8f8) 
thrown [s\src\hotspot\share\prims\jni.cpp, line 520]
Event: 349.955 Thread 0x000001eedcddb930 Exception <a 'java/lang/NoClassDefFoundError'{0x000000070f99b040}: org/flywaydb/core/Flyway> (0x000000070f99b040) 
thrown [s\src\hotspot\share\oops\constantPool.cpp, line 873]
Event: 349.959 Thread 0x000001eedcddb930 Exception <a 'java/lang/NoClassDefFoundError'{0x000000070f99b6a0}: liquibase/integration/spring/SpringLiquibase> (0x000000070f99b6a0) 
thrown [s\src\hotspot\share\oops\constantPool.cpp, line 873]
Event: 349.964 Thread 0x000001eedcddb930 Exception <a 'java/lang/NoClassDefFoundError'{0x000000070f9c3da8}: org/jooq/DSLContext> (0x000000070f9c3da8) 
thrown [s\src\hotspot\share\oops\constantPool.cpp, line 873]
Event: 349.970 Thread 0x000001eedcddb930 Exception <a 'java/lang/NoClassDefFoundError'{0x000000070f6358e0}: org/springframework/batch/core/repository/JobRepository> (0x000000070f6358e0) 
thrown [s\src\hotspot\share\oops\constantPool.cpp, line 873]
Event: 349.974 Thread 0x000001eedcddb930 Exception <a 'java/lang/NoClassDefFoundError'{0x000000070f635f38}: org/quartz/Scheduler> (0x000000070f635f38) 
thrown [s\src\hotspot\share\oops\constantPool.cpp, line 873]
Event: 349.976 Thread 0x000001eedcddb930 Exception <a 'java/lang/NoClassDefFoundError'{0x000000070f6365b8}: org/springframework/session/jdbc/JdbcIndexedSessionRepository> (0x000000070f6365b8) 
thrown [s\src\hotspot\share\oops\constantPool.cpp, line 873]
Event: 350.173 Thread 0x000001eedcddb930 Exception <a 'java/io/FileNotFoundException'{0x000000071ad221a0}> (0x000000071ad221a0) 
thrown [s\src\hotspot\share\prims\jni.cpp, line 520]
Event: 350.365 Thread 0x000001eedcddb930 Exception <a 'java/io/FileNotFoundException'{0x00000007123a7668}> (0x00000007123a7668) 
thrown [s\src\hotspot\share\prims\jni.cpp, line 520]
Event: 350.737 Thread 0x000001eedcddb930 Implicit null exception at 0x000001ee88129673 to 0x000001ee88129d3c
Event: 557.336 Thread 0x000001eedf38ad50 StackOverflowError at 0x000001ee87d966e0
Event: 557.339 Thread 0x000001eedf38ad50 Exception <a 'java/lang/StackOverflowError'{0x0000000710c69120}> (0x0000000710c69120) 
thrown [s\src\hotspot\share\runtime\sharedRuntime.cpp, line 625]

ZGC Phase Switch (0 events):
No events

VM Operations (20 events):
Event: 556.980 Executing VM operation: GetObjectMonitorUsage
Event: 556.980 Executing VM operation: GetObjectMonitorUsage done
Event: 557.069 Executing VM operation: GetObjectMonitorUsage
Event: 557.069 Executing VM operation: GetObjectMonitorUsage done
Event: 557.069 Executing VM operation: GetObjectMonitorUsage
Event: 557.069 Executing VM operation: GetObjectMonitorUsage done
Event: 557.125 Executing VM operation: get/set locals
Event: 557.125 Executing VM operation: get/set locals done
Event: 557.261 Executing VM operation: GetObjectMonitorUsage
Event: 557.261 Executing VM operation: GetObjectMonitorUsage done
Event: 557.262 Executing VM operation: GetObjectMonitorUsage
Event: 557.262 Executing VM operation: GetObjectMonitorUsage done
Event: 557.361 Executing VM operation: GetObjectMonitorUsage
Event: 557.361 Executing VM operation: GetObjectMonitorUsage done
Event: 557.361 Executing VM operation: GetObjectMonitorUsage
Event: 557.361 Executing VM operation: GetObjectMonitorUsage done
Event: 557.497 Executing VM operation: GetObjectMonitorUsage
Event: 557.497 Executing VM operation: GetObjectMonitorUsage done
Event: 557.498 Executing VM operation: GetObjectMonitorUsage
Event: 557.498 Executing VM operation: GetObjectMonitorUsage done

Memory protections (0 events):
No events

Nmethod flushes (20 events):
Event: 350.167 Thread 0x000001eeff6be730 flushing  nmethod 0x000001ee80965b90
Event: 350.167 Thread 0x000001eeff6be730 flushing  nmethod 0x000001ee80969890
Event: 350.167 Thread 0x000001eeff6be730 flushing  nmethod 0x000001ee809dd110
Event: 350.167 Thread 0x000001eeff6be730 flushing  nmethod 0x000001ee809dd510
Event: 350.167 Thread 0x000001eeff6be730 flushing  nmethod 0x000001ee809df290
Event: 350.167 Thread 0x000001eeff6be730 flushing  nmethod 0x000001ee80a23f90
Event: 350.167 Thread 0x000001eeff6be730 flushing  nmethod 0x000001ee80a2a110
Event: 350.167 Thread 0x000001eeff6be730 flushing  nmethod 0x000001ee80a51210
Event: 350.167 Thread 0x000001eeff6be730 flushing  nmethod 0x000001ee80adc790
Event: 350.167 Thread 0x000001eeff6be730 flushing  nmethod 0x000001ee80add610
Event: 350.167 Thread 0x000001eeff6be730 flushing  nmethod 0x000001ee80b2a090
Event: 350.167 Thread 0x000001eeff6be730 flushing  nmethod 0x000001ee80b2bb10
Event: 350.167 Thread 0x000001eeff6be730 flushing  nmethod 0x000001ee80b2c590
Event: 350.167 Thread 0x000001eeff6be730 flushing  nmethod 0x000001ee80b8ad10
Event: 350.167 Thread 0x000001eeff6be730 flushing  nmethod 0x000001ee80c30090
Event: 350.167 Thread 0x000001eeff6be730 flushing  nmethod 0x000001ee80c36c90
Event: 350.167 Thread 0x000001eeff6be730 flushing  nmethod 0x000001ee80c58090
Event: 350.167 Thread 0x000001eeff6be730 flushing  nmethod 0x000001ee80c58890
Event: 350.167 Thread 0x000001eeff6be730 flushing  nmethod 0x000001ee80c58d10
Event: 350.167 Thread 0x000001eeff6be730 flushing  nmethod 0x000001ee80c5a590

Events (20 events):
Event: 348.401 Thread 0x000001eedb545c00 Thread exited: 0x000001eedb545c00
Event: 348.402 Thread 0x000001eedb546290 Thread exited: 0x000001eedb546290
Event: 348.404 Thread 0x000001eedcddf440 Thread added: 0x000001eedcddda00
Event: 348.404 Thread 0x000001eedcddda00 Thread exited: 0x000001eedcddda00
Event: 348.405 Thread 0x000001eedcddf440 Thread added: 0x000001eedcddb930
Event: 348.448 Thread 0x000001eed802ac20 Thread added: 0x000001eed89b5c50
Event: 348.467 Thread 0x000001eed802ac20 Thread added: 0x000001eed89b47e0
Event: 348.497 Thread 0x000001eedcddb930 Thread added: 0x000001eedcddc650
Event: 348.507 Thread 0x000001eedcddc650 Thread exited: 0x000001eedcddc650
Event: 348.699 Thread 0x000001eedcddb930 Thread added: 0x000001eedcddc650
Event: 348.861 Thread 0x000001eedcddc650 Thread exited: 0x000001eedcddc650
Event: 350.366 Thread 0x000001eedcddb930 Thread added: 0x000001eedcde0160
Event: 350.366 Thread 0x000001eedcddb930 Thread added: 0x000001eedcddedb0
Event: 350.367 Thread 0x000001eedcddb930 Thread added: 0x000001eedcddd370
Event: 350.599 Thread 0x000001eed89b47e0 Thread exited: 0x000001eed89b47e0
Event: 350.599 Thread 0x000001eed89b5c50 Thread exited: 0x000001eed89b5c50
Event: 350.608 Thread 0x000001eedcddb930 Thread added: 0x000001eedcde07f0
Event: 350.709 Thread 0x000001eedcde07f0 Thread added: 0x000001eedcde0e80
Event: 357.770 Thread 0x000001eedcde0e80 Thread exited: 0x000001eedcde0e80
Event: 556.476 Thread 0x000001eedf38a6c0 Thread exited: 0x000001eedf38a6c0


Dynamic libraries:
0x00007ff687650000 - 0x00007ff68765e000 	C:\Users\azmaurya\Downloads\sts-4.30.0.RELEASE\plugins\org.eclipse.justj.openjdk.hotspot.jre.full.win32.x86_64_21.0.6.v20250130-0529\jre\bin\javaw.exe
0x00007ffa5d140000 - 0x00007ffa5d3a8000 	C:\WINDOWS\SYSTEM32\ntdll.dll
0x00007ffa5cac0000 - 0x00007ffa5cb89000 	C:\WINDOWS\System32\KERNEL32.DLL
0x00007ffa5aa30000 - 0x00007ffa5ae1d000 	C:\WINDOWS\System32\KERNELBASE.dll
0x00007ffa5a290000 - 0x00007ffa5a3db000 	C:\WINDOWS\System32\ucrtbase.dll
0x00007ffa4bf40000 - 0x00007ffa4bf58000 	C:\Users\azmaurya\Downloads\sts-4.30.0.RELEASE\plugins\org.eclipse.justj.openjdk.hotspot.jre.full.win32.x86_64_21.0.6.v20250130-0529\jre\bin\jli.dll
0x00007ffa56800000 - 0x00007ffa5681e000 	C:\Users\azmaurya\Downloads\sts-4.30.0.RELEASE\plugins\org.eclipse.justj.openjdk.hotspot.jre.full.win32.x86_64_21.0.6.v20250130-0529\jre\bin\VCRUNTIME140.dll
0x00007ffa5b240000 - 0x00007ffa5b40c000 	C:\WINDOWS\System32\USER32.dll
0x00007ffa5a560000 - 0x00007ffa5a587000 	C:\WINDOWS\System32\win32u.dll
0x00007ffa5bc10000 - 0x00007ffa5bc3b000 	C:\WINDOWS\System32\GDI32.dll
0x00007ffa5a8f0000 - 0x00007ffa5aa27000 	C:\WINDOWS\System32\gdi32full.dll
0x00007ffa46ea0000 - 0x00007ffa4713a000 	C:\WINDOWS\WinSxS\amd64_microsoft.windows.common-controls_6595b64144ccf1df_6.0.26100.4484_none_3e0e6d4ce32ef3b3\COMCTL32.dll
0x00007ffa5a7a0000 - 0x00007ffa5a843000 	C:\WINDOWS\System32\msvcp_win.dll
0x00007ffa5c880000 - 0x00007ffa5c929000 	C:\WINDOWS\System32\msvcrt.dll
0x00007ffa5c930000 - 0x00007ffa5c95f000 	C:\WINDOWS\System32\IMM32.DLL
0x000001eef5ff0000 - 0x000001eef6006000 	C:\WINDOWS\System32\umppc19907.dll
0x00007ffa59f60000 - 0x00007ffa5a0b3000 	C:\Program Files\Avecto\Privilege Guard Client\PGHook.dll
0x00007ffa5b170000 - 0x00007ffa5b224000 	C:\WINDOWS\System32\ADVAPI32.dll
0x00007ffa5bb60000 - 0x00007ffa5bc06000 	C:\WINDOWS\System32\sechost.dll
0x00007ffa5c660000 - 0x00007ffa5c778000 	C:\WINDOWS\System32\RPCRT4.dll
0x00007ffa4bc30000 - 0x00007ffa4bc3c000 	C:\Users\azmaurya\Downloads\sts-4.30.0.RELEASE\plugins\org.eclipse.justj.openjdk.hotspot.jre.full.win32.x86_64_21.0.6.v20250130-0529\jre\bin\vcruntime140_1.dll
0x00007ffa27af0000 - 0x00007ffa27b7d000 	C:\Users\azmaurya\Downloads\sts-4.30.0.RELEASE\plugins\org.eclipse.justj.openjdk.hotspot.jre.full.win32.x86_64_21.0.6.v20250130-0529\jre\bin\msvcp140.dll
0x00007ff9c96d0000 - 0x00007ff9ca460000 	C:\Users\azmaurya\Downloads\sts-4.30.0.RELEASE\plugins\org.eclipse.justj.openjdk.hotspot.jre.full.win32.x86_64_21.0.6.v20250130-0529\jre\bin\server\jvm.dll
0x00007ffa5c0d0000 - 0x00007ffa5c144000 	C:\WINDOWS\System32\WS2_32.dll
0x00007ffa5a0e0000 - 0x00007ffa5a13e000 	C:\WINDOWS\SYSTEM32\POWRPROF.dll
0x00007ffa4e940000 - 0x00007ffa4e975000 	C:\WINDOWS\SYSTEM32\WINMM.dll
0x00007ffa49080000 - 0x00007ffa4908b000 	C:\WINDOWS\SYSTEM32\VERSION.dll
0x00007ffa5a0c0000 - 0x00007ffa5a0d4000 	C:\WINDOWS\SYSTEM32\UMPDC.dll
0x00007ffa58d60000 - 0x00007ffa58d7b000 	C:\WINDOWS\SYSTEM32\kernel.appcore.dll
0x00007ffa56830000 - 0x00007ffa5683a000 	C:\Users\azmaurya\Downloads\sts-4.30.0.RELEASE\plugins\org.eclipse.justj.openjdk.hotspot.jre.full.win32.x86_64_21.0.6.v20250130-0529\jre\bin\jimage.dll
0x00007ffa57400000 - 0x00007ffa57641000 	C:\WINDOWS\SYSTEM32\DBGHELP.DLL
0x00007ffa5cc70000 - 0x00007ffa5cff6000 	C:\WINDOWS\System32\combase.dll
0x00007ffa5c9d0000 - 0x00007ffa5cab0000 	C:\WINDOWS\System32\OLEAUT32.dll
0x00007ffa36a90000 - 0x00007ffa36ad3000 	C:\WINDOWS\SYSTEM32\dbgcore.DLL
0x00007ffa5a850000 - 0x00007ffa5a8e9000 	C:\WINDOWS\System32\bcryptPrimitives.dll
0x00007ffa3c550000 - 0x00007ffa3c58c000 	C:\Users\azmaurya\Downloads\sts-4.30.0.RELEASE\plugins\org.eclipse.justj.openjdk.hotspot.jre.full.win32.x86_64_21.0.6.v20250130-0529\jre\bin\jdwp.dll
0x00007ffa56820000 - 0x00007ffa5682f000 	C:\Users\azmaurya\Downloads\sts-4.30.0.RELEASE\plugins\org.eclipse.justj.openjdk.hotspot.jre.full.win32.x86_64_21.0.6.v20250130-0529\jre\bin\instrument.dll
0x00007ffa4bf60000 - 0x00007ffa4bf7f000 	C:\Users\azmaurya\Downloads\sts-4.30.0.RELEASE\plugins\org.eclipse.justj.openjdk.hotspot.jre.full.win32.x86_64_21.0.6.v20250130-0529\jre\bin\java.dll
0x00007ffa5b410000 - 0x00007ffa5bb5a000 	C:\WINDOWS\System32\SHELL32.dll
0x00007ffa5a590000 - 0x00007ffa5a704000 	C:\WINDOWS\System32\wintypes.dll
0x00007ffa579f0000 - 0x00007ffa5824b000 	C:\WINDOWS\SYSTEM32\windows.storage.dll
0x00007ffa5c780000 - 0x00007ffa5c875000 	C:\WINDOWS\System32\SHCORE.dll
0x00007ffa5af90000 - 0x00007ffa5affa000 	C:\WINDOWS\System32\shlwapi.dll
0x00007ffa5a1a0000 - 0x00007ffa5a1cf000 	C:\WINDOWS\SYSTEM32\profapi.dll
0x00007ffa4bf20000 - 0x00007ffa4bf38000 	C:\Users\azmaurya\Downloads\sts-4.30.0.RELEASE\plugins\org.eclipse.justj.openjdk.hotspot.jre.full.win32.x86_64_21.0.6.v20250130-0529\jre\bin\zip.dll
0x00007ffa55b90000 - 0x00007ffa55b9b000 	C:\Users\azmaurya\Downloads\sts-4.30.0.RELEASE\plugins\org.eclipse.justj.openjdk.hotspot.jre.full.win32.x86_64_21.0.6.v20250130-0529\jre\bin\dt_socket.dll
0x00007ffa585b0000 - 0x00007ffa585e3000 	C:\WINDOWS\SYSTEM32\IPHLPAPI.DLL
0x00007ffa59400000 - 0x00007ffa5946a000 	C:\WINDOWS\system32\mswsock.dll
0x00007ffa58650000 - 0x00007ffa58776000 	C:\WINDOWS\SYSTEM32\DNSAPI.dll
0x00007ffa5b030000 - 0x00007ffa5b03a000 	C:\WINDOWS\System32\NSI.dll
0x00007ffa4c7a0000 - 0x00007ffa4c7ab000 	C:\Windows\System32\rasadhlp.dll
0x00007ffa534c0000 - 0x00007ffa53546000 	C:\WINDOWS\System32\fwpuclnt.dll
0x00007ffa4bf10000 - 0x00007ffa4bf20000 	C:\Users\azmaurya\Downloads\sts-4.30.0.RELEASE\plugins\org.eclipse.justj.openjdk.hotspot.jre.full.win32.x86_64_21.0.6.v20250130-0529\jre\bin\net.dll
0x00007ffa58d80000 - 0x00007ffa58e9e000 	C:\WINDOWS\SYSTEM32\WINHTTP.dll
0x00007ffa4bec0000 - 0x00007ffa4bed6000 	C:\Users\azmaurya\Downloads\sts-4.30.0.RELEASE\plugins\org.eclipse.justj.openjdk.hotspot.jre.full.win32.x86_64_21.0.6.v20250130-0529\jre\bin\nio.dll
0x00007ffa4beb0000 - 0x00007ffa4bec0000 	C:\Users\azmaurya\Downloads\sts-4.30.0.RELEASE\plugins\org.eclipse.justj.openjdk.hotspot.jre.full.win32.x86_64_21.0.6.v20250130-0529\jre\bin\verify.dll
0x00007ffa4bc10000 - 0x00007ffa4bc1a000 	C:\Users\azmaurya\Downloads\sts-4.30.0.RELEASE\plugins\org.eclipse.justj.openjdk.hotspot.jre.full.win32.x86_64_21.0.6.v20250130-0529\jre\bin\management.dll
0x00007ffa4ba90000 - 0x00007ffa4ba9b000 	C:\Users\azmaurya\Downloads\sts-4.30.0.RELEASE\plugins\org.eclipse.justj.openjdk.hotspot.jre.full.win32.x86_64_21.0.6.v20250130-0529\jre\bin\management_ext.dll
0x00007ffa5c650000 - 0x00007ffa5c658000 	C:\WINDOWS\System32\PSAPI.DLL
0x00007ffa4bea0000 - 0x00007ffa4beae000 	C:\Users\azmaurya\Downloads\sts-4.30.0.RELEASE\plugins\org.eclipse.justj.openjdk.hotspot.jre.full.win32.x86_64_21.0.6.v20250130-0529\jre\bin\sunmscapi.dll
0x00007ffa5a3e0000 - 0x00007ffa5a557000 	C:\WINDOWS\System32\CRYPT32.dll
0x00007ffa59930000 - 0x00007ffa59960000 	C:\WINDOWS\SYSTEM32\ncrypt.dll
0x00007ffa598e0000 - 0x00007ffa5991f000 	C:\WINDOWS\SYSTEM32\NTASN1.dll
0x00007ffa597e0000 - 0x00007ffa597fb000 	C:\WINDOWS\SYSTEM32\CRYPTSP.dll
0x00007ffa58cc0000 - 0x00007ffa58cfb000 	C:\WINDOWS\system32\rsaenh.dll
0x00007ffa594a0000 - 0x00007ffa594cb000 	C:\WINDOWS\SYSTEM32\USERENV.dll
0x00007ffa5a170000 - 0x00007ffa5a196000 	C:\WINDOWS\SYSTEM32\bcrypt.dll
0x00007ffa59640000 - 0x00007ffa5964c000 	C:\WINDOWS\SYSTEM32\CRYPTBASE.dll
0x00007ffa4bc20000 - 0x00007ffa4bc29000 	C:\Users\azmaurya\Downloads\sts-4.30.0.RELEASE\plugins\org.eclipse.justj.openjdk.hotspot.jre.full.win32.x86_64_21.0.6.v20250130-0529\jre\bin\extnet.dll
0x00007ffa47da0000 - 0x00007ffa47da8000 	C:\WINDOWS\system32\wshunix.dll

dbghelp: loaded successfully - version: 4.0.5 - missing functions: none
symbol engine: initialized successfully - sym options: 0x614 - pdb path: .;C:\Users\azmaurya\Downloads\sts-4.30.0.RELEASE\plugins\org.eclipse.justj.openjdk.hotspot.jre.full.win32.x86_64_21.0.6.v20250130-0529\jre\bin;C:\WINDOWS\SYSTEM32;C:\WINDOWS\WinSxS\amd64_microsoft.windows.common-controls_6595b64144ccf1df_6.0.26100.4484_none_3e0e6d4ce32ef3b3;C:\Program Files\Avecto\Privilege Guard Client;C:\Users\azmaurya\Downloads\sts-4.30.0.RELEASE\plugins\org.eclipse.justj.openjdk.hotspot.jre.full.win32.x86_64_21.0.6.v20250130-0529\jre\bin\server

VM Arguments:
jvm_args: -XX:+ShowCodeDetailsInExceptionMessages -agentlib:jdwp=transport=dt_socket,suspend=y,address=localhost:50656 -javaagent:C:\Users\azmaurya\Downloads\sts-4.30.0.RELEASE\configuration\org.eclipse.osgi\270\0\.cp\lib\javaagent-shaded.jar -Dfile.encoding=UTF-8 -Dstdout.encoding=UTF-8 -Dstderr.encoding=UTF-8 
java_command: com.ambulence.AmbulenceServiceApplication
java_class_path (initial): C:\Users\azmaurya\Downloads\Microservices project\ambulence-service\target\classes;C:\Users\azmaurya\.m2\repository\org\springframework\boot\spring-boot-starter-data-jpa\3.5.4\spring-boot-starter-data-jpa-3.5.4.jar;C:\Users\azmaurya\.m2\repository\org\springframework\boot\spring-boot-starter\3.5.4\spring-boot-starter-3.5.4.jar;C:\Users\azmaurya\.m2\repository\org\springframework\boot\spring-boot-starter-logging\3.5.4\spring-boot-starter-logging-3.5.4.jar;C:\Users\azmaurya\.m2\repository\ch\qos\logback\logback-classic\1.5.18\logback-classic-1.5.18.jar;C:\Users\azmaurya\.m2\repository\ch\qos\logback\logback-core\1.5.18\logback-core-1.5.18.jar;C:\Users\azmaurya\.m2\repository\org\apache\logging\log4j\log4j-to-slf4j\2.24.3\log4j-to-slf4j-2.24.3.jar;C:\Users\azmaurya\.m2\repository\org\apache\logging\log4j\log4j-api\2.24.3\log4j-api-2.24.3.jar;C:\Users\azmaurya\.m2\repository\org\slf4j\jul-to-slf4j\2.0.17\jul-to-slf4j-2.0.17.jar;C:\Users\azmaurya\.m2\repository\jakarta\annotation\jakarta.annotation-api\2.1.1\jakarta.annotation-api-2.1.1.jar;C:\Users\azmaurya\.m2\repository\org\yaml\snakeyaml\2.4\snakeyaml-2.4.jar;C:\Users\azmaurya\.m2\repository\org\springframework\boot\spring-boot-starter-jdbc\3.5.4\spring-boot-starter-jdbc-3.5.4.jar;C:\Users\azmaurya\.m2\repository\com\zaxxer\HikariCP\6.3.1\HikariCP-6.3.1.jar;C:\Users\azmaurya\.m2\repository\org\springframework\spring-jdbc\6.2.9\spring-jdbc-6.2.9.jar;C:\Users\azmaurya\.m2\repository\org\hibernate\orm\hibernate-core\6.6.22.Final\hibernate-core-6.6.22.Final.jar;C:\Users\azmaurya\.m2\repository\jakarta\persistence\jakarta.persistence-api\3.1.0\jakarta.persistence-api-3.1.0.jar;C:\Users\azmaurya\.m2\repository\jakarta\transaction\jakarta.transaction-api\2.0.1\jakarta.transaction-api-2.0.1.jar;C:\Users\azmaurya\.m2\repository\org\jboss\logging\jboss-logging\3.6.1.Final\jboss-logging-3.6.1.Final.jar;C:\Users\azmaurya\.m2\repository\org\hibernate\common\hibernate-commons-annotations\7.0.3.Final\hibernate-commons-annotations-7.0.3.Final.jar;C:\Users\azmaurya\.m2\repository\io\smallrye\jandex\3.2.0\jandex-3.2.0.jar;C:\Users\azmaurya\.m2\repository\com\fasterxml\classmate\1.7.0\classmate-1.7.0.jar;C:\Users\azmaurya\.m2\repository\net\bytebuddy\byte-buddy\1.17.6\byte-buddy-1.17.6.jar;C:\Users\azmaurya\.m2\repository\org\glassfish\jaxb\jaxb-runtime\4.0.5\jaxb-runtime-4.0.5.jar;C:\Users\azmaurya\.m2\repository\org\glassfish\jaxb\jaxb-core\4.0.5\jaxb-core-4.0.5.jar;C:\Users\azmaurya\.m2\repository\org\eclipse\angus\angus-activation\2.0.2\angus-activation-2.0.2.jar;C:\Users\azmaurya\.m2\repository\org\glassfish\jaxb\txw2\4.0.5\txw2-4.0.5.jar;C:\Users\azmaurya\.m2\repository\com\sun\istack\istack-commons-runtime\4.1.2\istack-commons-runtime-4.1.2.jar;C:\Users\azmaurya\.m2\repository\jakarta\inject\jakarta.inject-api\2.0.1\jakarta.inject-api-2.0.1.jar;C:\Users\azmaurya\.m2\repository\org\antlr\antlr4-runtime\4.13.0\antlr4-runtime-4.13.0.jar;C:\Users\azmaurya\.m2\repository\org\springframework\data\spring-data-jpa\3.5.2\spring-data-jpa-3.5.2.jar;C:\Users\azmaurya\.m2\repository\org\springframework\data\spring-data-commons\3.5.2\spring-data-commons-3.5.2.jar;C:\Users\azmaurya\.m2\repository\org\springframework\spring-orm\6.2.9\spring-orm-6.2.9.jar;C:\Users\azmaurya\.m2\repository\org\springframework\spring-context\6.2.9\spring-context-6.2.9.jar;C:\Users\azmaurya\.m2\repository\org\springframework\spring-tx\6.2.9\spring-tx-6.2.9.jar;C:\Users\azmaurya\.m2\repository\org\springframework\spring-beans\6.2.9\spring-beans-6.2.9.jar;C:\Users\azmaurya\.m2\repository\org\slf4j\slf4j-api\2.0.17\slf4j-api-2.0.17.jar;C:\Users\azmaurya\.m2\repository\org\springframework\spring-aspects\6.2.9\spring-aspects-6.2.9.jar;C:\Users\azmaurya\.m2\repository\org\aspectj\aspectjweaver\1.9.24\aspectjweaver-1.9.24.jar;C:\Users\azmaurya\.m2\repository\org\springframework\boot\spring-boot-starter-web\3.5.4\spring-boot-starter-web-3.5.4.jar;C:\Users\azmaurya\.m2\repository\org\springframework\boot\spring-boot-starter-json\3.5.4\spring-boot-starter-json-3.5.4.jar;C:\Users\azmaurya\.m2\repository\com\fasterxml\jackson\datatype\jackson-datatype-jdk8\2.19.2\jackson-datatype-jdk8-2.19.2.jar;C:\Users\azmaurya\.m2\repository\com\fasterxml\jackson\datatype\jackson-datatype-jsr310\2.19.2\jackson-datatype-jsr310-2.19.2.jar;C:\Users\azmaurya\.m2\repository\com\fasterxml\jackson\module\jackson-module-parameter-names\2.19.2\jackson-module-parameter-names-2.19.2.jar;C:\Users\azmaurya\.m2\repository\org\springframework\boot\spring-boot-starter-tomcat\3.5.4\spring-boot-starter-tomcat-3.5.4.jar;C:\Users\azmaurya\.m2\repository\org\apache\tomcat\embed\tomcat-embed-core\10.1.43\tomcat-embed-core-10.1.43.jar;C:\Users\azmaurya\.m2\repository\org\apache\tomcat\embed\tomcat-embed-el\10.1.43\tomcat-embed-el-10.1.43.jar;C:\Users\azmaurya\.m2\repository\org\apache\tomcat\embed\tomcat-embed-websocket\10.1.43\tomcat-embed-websocket-10.1.43.jar;C:\Users\azmaurya\.m2\repository\org\springframework\spring-web\6.2.9\spring-web-6.2.9.jar;C:\Users\azmaurya\.m2\repository\org\springframework\spring-webmvc\6.2.9\spring-webmvc-6.2.9.jar;C:\Users\azmaurya\.m2\repository\org\springframework\spring-expression\6.2.9\spring-expression-6.2.9.jar;C:\Users\azmaurya\.m2\repository\org\springframework\boot\spring-boot-devtools\3.5.4\spring-boot-devtools-3.5.4.jar;C:\Users\azmaurya\.m2\repository\org\springframework\boot\spring-boot\3.5.4\spring-boot-3.5.4.jar;C:\Users\azmaurya\.m2\repository\org\springframework\boot\spring-boot-autoconfigure\3.5.4\spring-boot-autoconfigure-3.5.4.jar;C:\Users\azmaurya\.m2\repository\io\jsonwebtoken\jjwt-api\0.11.5\jjwt-api-0.11.5.jar;C:\Users\azmaurya\.m2\repository\io\jsonwebtoken\jjwt-impl\0.11.5\jjwt-impl-0.11.5.jar;C:\Users\azmaurya\.m2\repository\io\jsonwebtoken\jjwt-jackson\0.11.5\jjwt-jackson-0.11.5.jar;C:\Users\azmaurya\.m2\repository\com\fasterxml\jackson\core\jackson-databind\2.19.2\jackson-databind-2.19.2.jar;C:\Users\azmaurya\.m2\repository\com\fasterxml\jackson\core\jackson-annotations\2.19.2\jackson-annotations-2.19.2.jar;C:\Users\azmaurya\.m2\repository\com\fasterxml\jackson\core\jackson-core\2.19.2\jackson-core-2.19.2.jar;C:\Users\azmaurya\.m2\repository\org\springframework\boot\spring-boot-starter-security\3.5.4\spring-boot-starter-security-3.5.4.jar;C:\Users\azmaurya\.m2\repository\org\springframework\spring-aop\6.2.9\spring-aop-6.2.9.jar;C:\Users\azmaurya\.m2\repository\org\springframework\security\spring-security-config\6.5.2\spring-security-config-6.5.2.jar;C:\Users\azmaurya\.m2\repository\org\springframework\security\spring-security-core\6.5.2\spring-security-core-6.5.2.jar;C:\Users\azmaurya\.m2\repository\org\springframework\security\spring-security-crypto\6.5.2\spring-security-crypto-6.5.2.jar;C:\Users\azmaurya\.m2\repository\org\springframework\security\spring-security-web\6.5.2\spring-security-web-6.5.2.jar;C:\Users\azmaurya\.m2\repository\org\postgresql\postgresql\42.7.7\postgresql-42.7.7.jar;C:\Users\azmaurya\.m2\repository\org\checkerframework\checker-qual\3.49.3\checker-qual-3.49.3.jar;C:\Users\azmaurya\.m2\repository\org\springframework\cloud\spring-cloud-starter-netflix-eureka-client\4.3.0\spring-cloud-starter-netflix-eureka-client-4.3.0.jar;C:\Users\azmaurya\.m2\repository\org\springframework\cloud\spring-cloud-starter\4.3.0\spring-cloud-starter-4.3.0.jar;C:\Users\azmaurya\.m2\repository\org\springframework\cloud\spring-cloud-context\4.3.0\spring-cloud-context-4.3.0.jar;C:\Users\azmaurya\.m2\repository\org\springframework\cloud\spring-cloud-commons\4.3.0\spring-cloud-commons-4.3.0.jar;C:\Users\azmaurya\.m2\repository\org\bouncycastle\bcprov-jdk18on\1.80\bcprov-jdk18on-1.80.jar;C:\Users\azmaurya\.m2\repository\org\springframework\cloud\spring-cloud-netflix-eureka-client\4.3.0\spring-cloud-netflix-eureka-client-4.3.0.jar;C:\Users\azmaurya\.m2\repository\org\apache\httpcomponents\client5\httpclient5\5.5\httpclient5-5.5.jar;C:\Users\azmaurya\.m2\repository\org\apache\httpcomponents\core5\httpcore5\5.3.4\httpcore5-5.3.4.jar;C:\Users\azmaurya\.m2\repository\org\apache\httpcomponents\core5\httpcore5-h2\5.3.4\httpcore5-h2-5.3.4.jar;C:\Users\azmaurya\.m2\repository\com\netflix\eureka\eureka-client\2.0.4\eureka-client-2.0.4.jar;C:\Users\azmaurya\.m2\repository\com\thoughtworks\xstream\xstream\1.4.20\xstream-1.4.20.jar;C:\Users\azmaurya\.m2\repository\io\github\x-stream\mxparser\1.2.2\mxparser-1.2.2.jar;C:\Users\azmaurya\.m2\repository\xmlpull\xmlpull\1.1.3.1\xmlpull-1.1.3.1.jar;C:\Users\azmaurya\.m2\repository\jakarta\ws\rs\jakarta.ws.rs-api\3.1.0\jakarta.ws.rs-api-3.1.0.jar;C:\Users\azmaurya\.m2\repository\com\netflix\spectator\spectator-api\1.7.3\spectator-api-1.7.3.jar;C:\Users\azmaurya\.m2\repository\org\apache\httpcomponents\httpclient\4.5.3\httpclient-4.5.3.jar;C:\Users\azmaurya\.m2\repository\org\apache\httpcomponents\httpcore\4.4.16\httpcore-4.4.16.jar;C:\Users\azmaurya\.m2\repository\commons-codec\commons-codec\1.18.0\commons-codec-1.18.0.jar;C:\Users\azmaurya\.m2\repository\commons-configuration\commons-configuration\1.10\commons-configuration-1.10.jar;C:\Users\azmaurya\.m2\repository\commons-lang\commons-lang\2.6\commons-lang-2.6.jar;C:\Users\azmaurya\.m2\repository\com\netflix\netflix-commons\netflix-eventbus\0.3.0\netflix-eventbus-0.3.0.jar;C:\Users\azmaurya\.m2\repository\com\netflix\netflix-commons\netflix-infix\0.3.0\netflix-infix-0.3.0.jar;C:\Users\azmaurya\.m2\repository\commons-jxpath\commons-jxpath\1.3\commons-jxpath-1.3.jar;C:\Users\azmaurya\.m2\repository\joda-time\joda-time\2.3\joda-time-2.3.jar;C:\Users\azmaurya\.m2\repository\org\antlr\antlr-runtime\3.4\antlr-runtime-3.4.jar;C:\Users\azmaurya\.m2\repository\org\antlr\stringtemplate\3.2.1\stringtemplate-3.2.1.jar;C:\Users\azmaurya\.m2\repository\antlr\antlr\2.7.7\antlr-2.7.7.jar;C:\Users\azmaurya\.m2\repository\com\google\guava\guava\14.0.1\guava-14.0.1.jar;C:\Users\azmaurya\.m2\repository\com\google\code\gson\gson\2.13.1\gson-2.13.1.jar;C:\Users\azmaurya\.m2\repository\com\google\errorprone\error_prone_annotations\2.38.0\error_prone_annotations-2.38.0.jar;C:\Users\azmaurya\.m2\repository\com\netflix\servo\servo-core\0.5.3\servo-core-0.5.3.jar;C:\Users\azmaurya\.m2\repository\org\apache\commons\commons-math\2.2\commons-math-2.2.jar;C:\Users\azmaurya\.m2\repository\javax\annotation\javax.annotation-api\1.2\javax.annotation-api-1.2.jar;C:\Users\azmaurya\.m2\repository\org\codehaus\jettison\jettison\1.5.4\jettison-1.5.4.jar;C:\Users\azmaurya\.m2\repository\org\springframework\cloud\spring-cloud-starter-loadbalancer\4.3.0\spring-cloud-starter-loadbalancer-4.3.0.jar;C:\Users\azmaurya\.m2\repository\org\springframework\cloud\spring-cloud-loadbalancer\4.3.0\spring-cloud-loadbalancer-4.3.0.jar;C:\Users\azmaurya\.m2\repository\io\projectreactor\reactor-core\3.7.8\reactor-core-3.7.8.jar;C:\Users\azmaurya\.m2\repository\org\reactivestreams\reactive-streams\1.0.4\reactive-streams-1.0.4.jar;C:\Users\azmaurya\.m2\repository\io\projectreactor\addons\reactor-extra\3.5.2\reactor-extra-3.5.2.jar;C:\Users\azmaurya\.m2\repository\org\springframework\boot\spring-boot-starter-cache\3.5.4\spring-boot-starter-cache-3.5.4.jar;C:\Users\azmaurya\.m2\repository\org\springframework\spring-context-support\6.2.9\spring-context-support-6.2.9.jar;C:\Users\azmaurya\.m2\repository\com\stoyanr\evictor\1.0.0\evictor-1.0.0.jar;C:\Users\azmaurya\.m2\repository\org\springframework\cloud\spring-cloud-starter-config\4.3.0\spring-cloud-starter-config-4.3.0.jar;C:\Users\azmaurya\.m2\repository\org\springframework\cloud\spring-cloud-config-client\4.3.0\spring-cloud-config-client-4.3.0.jar;C:\Users\azmaurya\.m2\repository\org\projectlombok\lombok\1.18.38\lombok-1.18.38.jar;C:\Users\azmaurya\.m2\repository\org\springframework\boot\spring-boot-starter-actuator\3.5.4\spring-boot-starter-actuator-3.5.4.jar;C:\Users\azmaurya\.m2\repository\org\springframework\boot\spring-boot-actuator-autoconfigure\3.5.4\spring-boot-actuator-autoconfigure-3.5.4.jar;C:\Users\azmaurya\.m2\repository\org\springframework\boot\spring-boot-actuator\3.5.4\spring-boot-actuator-3.5.4.jar;C:\Users\azmaurya\.m2\repository\io\micrometer\micrometer-observation\1.15.2\micrometer-observation-1.15.2.jar;C:\Users\azmaurya\.m2\repository\io\micrometer\micrometer-commons\1.15.2\micrometer-commons-1.15.2.jar;C:\Users\azmaurya\.m2\repository\io\micrometer\micrometer-jakarta9\1.15.2\micrometer-jakarta9-1.15.2.jar;C:\Users\azmaurya\.m2\repository\io\micrometer\micrometer-core\1.15.2\micrometer-core-1.15.2.jar;C:\Users\azmaurya\.m2\repository\org\hdrhistogram\HdrHistogram\2.2.2\HdrHistogram-2.2.2.jar;C:\Users\azmaurya\.m2\repository\org\latencyutils\LatencyUtils\2.0.3\LatencyUtils-2.0.3.jar;C:\Users\azmaurya\.m2\repository\jakarta\xml\bind\jakarta.xml.bind-api\4.0.2\jakarta.xml.bind-api-4.0.2.jar;C:\Users\azmaurya\.m2\repository\jakarta\activation\jakarta.activation-api\2.1.3\jakarta.activation-api-2.1.3.jar;C:\Users\azmaurya\.m2\repository\org\springframework\spring-core\6.2.9\spring-core-6.2.9.jar;C:\Users\azmaurya\.m2\repository\org\springframework\spring-jcl\6.2.9\spring-jcl-6.2.9.jar
Launcher Type: SUN_STANDARD

[Global flags]
     intx CICompilerCount                          = 4                                         {product} {ergonomic}
     uint ConcGCThreads                            = 3                                         {product} {ergonomic}
     uint G1ConcRefinementThreads                  = 10                                        {product} {ergonomic}
   size_t G1HeapRegionSize                         = 2097152                                   {product} {ergonomic}
    uintx GCDrainStackTargetSize                   = 64                                        {product} {ergonomic}
   size_t InitialHeapSize                          = 257949696                                 {product} {ergonomic}
   size_t MarkStackSize                            = 4194304                                   {product} {ergonomic}
   size_t MaxHeapSize                              = 4102029312                                {product} {ergonomic}
   size_t MaxNewSize                               = 2459959296                                {product} {ergonomic}
   size_t MinHeapDeltaBytes                        = 2097152                                   {product} {ergonomic}
   size_t MinHeapSize                              = 8388608                                   {product} {ergonomic}
    uintx NonNMethodCodeHeapSize                   = 5839372                                {pd product} {ergonomic}
    uintx NonProfiledCodeHeapSize                  = 122909434                              {pd product} {ergonomic}
    uintx ProfiledCodeHeapSize                     = 122909434                              {pd product} {ergonomic}
    uintx ReservedCodeCacheSize                    = 251658240                              {pd product} {ergonomic}
     bool SegmentedCodeCache                       = true                                      {product} {ergonomic}
     bool ShowCodeDetailsInExceptionMessages       = true                                   {manageable} {command line}
   size_t SoftMaxHeapSize                          = 4102029312                             {manageable} {ergonomic}
     bool UseCompressedOops                        = true                           {product lp64_product} {ergonomic}
     bool UseG1GC                                  = true                                      {product} {ergonomic}
     bool UseLargePagesIndividualAllocation        = false                                  {pd product} {ergonomic}

Logging:
Log output configuration:
 #0: stdout all=warning uptime,level,tags foldmultilines=false
 #1: stderr all=off uptime,level,tags foldmultilines=false

Environment Variables:
PATH=C:\Users\azmaurya\Downloads\sts-4.30.0.RELEASE\plugins\org.eclipse.justj.openjdk.hotspot.jre.full.win32.x86_64_21.0.6.v20250130-0529\jre\bin;C:/Users/azmaurya/Downloads/sts-4.30.0.RELEASE//plugins/org.eclipse.justj.openjdk.hotspot.jre.full.win32.x86_64_21.0.6.v20250130-0529/jre/bin/server;C:/Users/azmaurya/Downloads/sts-4.30.0.RELEASE//plugins/org.eclipse.justj.openjdk.hotspot.jre.full.win32.x86_64_21.0.6.v20250130-0529/jre/bin;C:\Program Files\Eclipse Adoptium\jdk-21.0.4.7-hotspot\bin;C:\Windows\system32;C:\Windows;C:\Windows\System32\Wbem;C:\Windows\System32\WindowsPowerShell\v1.0\;C:\Windows\System32\OpenSSH\;C:\Program Files\WindowsPowerShell\Scripts;C:\Program Files\ServiceNow\agent-client-collector\bin;C:\Program Files\ServiceNow\agent-client-collector\embedded\bin;C:\WINDOWS\system32;C:\WINDOWS;C:\WINDOWS\System32\Wbem;C:\WINDOWS\System32\WindowsPowerShell\v1.0\;C:\WINDOWS\System32\OpenSSH\;C:\Program Files\nodejs\;C:\Users\azmaurya\AppData\Local\Microsoft\WindowsApps;;C:\Users\azmaurya\Downloads\sts-4.30.0.RELEASE;
USERNAME=azmaurya
OS=Windows_NT
PROCESSOR_IDENTIFIER=AMD64 Family 25 Model 124 Stepping 0, AuthenticAMD
TMP=C:\Users\azmaurya\AppData\Local\Temp
TEMP=C:\Users\azmaurya\AppData\Local\Temp




Periodic native trim disabled

---------------  S Y S T E M  ---------------

OS:
 Windows 11 , 64 bit Build 26100 (10.0.26100.4484)
OS uptime: 0 days 23:03 hours
Hyper-V role detected

CPU: total 12 (initial active 12) (12 cores per cpu, 2 threads per core) family 25 model 124 stepping 0 microcode 0xa70c005, cx8, cmov, fxsr, ht, mmx, 3dnowpref, sse, sse2, sse3, ssse3, sse4a, sse4.1, sse4.2, popcnt, lzcnt, tsc, tscinvbit, avx, avx2, aes, erms, clmul, bmi1, bmi2, adx, avx512f, avx512dq, avx512cd, avx512bw, avx512vl, sha, fma, vzeroupper, avx512_vpopcntdq, avx512_vpclmulqdq, avx512_vaes, avx512_vnni, clflush, clflushopt, avx512_vbmi2, avx512_vbmi, hv, rdtscp, rdpid, fsrm, gfni, avx512_bitalg, f16c, cet_ss, avx512_ifma
Processor Information for the first 12 processors :
  Max Mhz: 3201, Current Mhz: 2489, Mhz Limit: 3201

Memory: 4k page, system-wide physical 15645M (1986M free)
TotalPageFile size 38173M (AvailPageFile size 8623M)
current process WorkingSet (physical memory assigned to process): 379M, peak: 407M
current process commit charge ("private bytes"): 409M, peak: 466M

vm_info: OpenJDK 64-Bit Server VM (21.0.6+7-LTS) for windows-amd64 JRE (21.0.6+7-LTS), built on 2025-01-21T00:00:00Z by "admin" with MS VC++ 17.7 (VS2022)

END.
